23:34:14.896 [main] DEBUG testcases.TC_ShopViewBasketTaxFuctionality_12a - capturing application debug logs....
23:34:17.078 [main] INFO  testcases.TC_ShopViewBasketTaxFuctionality_12a - Clicked on shop link
23:34:17.143 [main] INFO  testcases.TC_ShopViewBasketTaxFuctionality_12a - Clicking on add to basket button...
23:34:17.348 [main] INFO  testcases.TC_ShopViewBasketTaxFuctionality_12a - Viewing book in the menu item with price...
23:34:17.666 [main] INFO  testcases.TC_ShopViewBasketTaxFuctionality_12a - pass
23:34:17.669 [main] INFO  testcases.TC_ShopViewBasketTaxFuctionality_12a - Clicking on item link...
23:34:19.180 [main] INFO  testcases.TC_ShopViewBasketTaxFuctionality_12a - Checking if total < subtotal
23:34:19.301 [main] INFO  testcases.TC_ShopViewBasketTaxFuctionality_12a - Passed
23:34:19.302 [main] INFO  testcases.TC_ShopViewBasketTaxFuctionality_12a - Clicking on checkout button...
23:34:20.964 [main] INFO  testcases.TC_ShopViewBasketTaxFuctionality_12a - Fill the billing details form...
23:34:23.629 [main] INFO  testcases.TC_ShopViewBasketTaxFuctionality_12a - Checking tax amount for United Kingdom...
23:34:23.668 [main] ERROR testcases.TC_ShopViewBasketTaxFuctionality_12a - Tax rate calculation is incorrect
23:36:27.477 [main] INFO  testcases.TC_ShopViewBasketTaxFuctionality_12a - **** Starting TC_ShopViewBasketTaxFuctionality_12a  *****
23:36:27.484 [main] DEBUG testcases.TC_ShopViewBasketTaxFuctionality_12a - capturing application debug logs....
23:36:29.452 [main] INFO  testcases.TC_ShopViewBasketTaxFuctionality_12a - Clicked on shop link
23:36:29.532 [main] INFO  testcases.TC_ShopViewBasketTaxFuctionality_12a - Clicking on add to basket button...
23:36:29.807 [main] INFO  testcases.TC_ShopViewBasketTaxFuctionality_12a - Viewing book in the menu item with price...
23:36:30.168 [main] INFO  testcases.TC_ShopViewBasketTaxFuctionality_12a - pass
23:36:30.172 [main] INFO  testcases.TC_ShopViewBasketTaxFuctionality_12a - Clicking on item link...
23:36:31.390 [main] INFO  testcases.TC_ShopViewBasketTaxFuctionality_12a - Checking if total < subtotal
23:36:31.526 [main] INFO  testcases.TC_ShopViewBasketTaxFuctionality_12a - Passed
23:36:31.526 [main] INFO  testcases.TC_ShopViewBasketTaxFuctionality_12a - Clicking on checkout button...
23:36:33.375 [main] INFO  testcases.TC_ShopViewBasketTaxFuctionality_12a - Fill the billing details form...
23:36:35.966 [main] INFO  testcases.TC_ShopViewBasketTaxFuctionality_12a - Checking tax amount for United Kingdom...
23:36:36.013 [main] INFO  testcases.TC_ShopViewBasketTaxFuctionality_12a - Tax rate calculation is correct
23:36:36.013 [main] DEBUG testcases.TC_ShopViewBasketTaxFuctionality_12a - Application debug logs ends...
23:36:36.013 [main] INFO  testcases.TC_ShopViewBasketTaxFuctionality_12a - **** Finished TC_ShopViewBasketTaxFuctionality_12a  ****
23:48:38.952 [main] INFO  testcases.TC_ShopViewBasketTaxFuctionality_12b - **** Starting TC_ShopViewBasketTaxFuctionality_12b  *****
23:48:38.960 [main] DEBUG testcases.TC_ShopViewBasketTaxFuctionality_12b - capturing application debug logs....
23:48:41.100 [main] INFO  testcases.TC_ShopViewBasketTaxFuctionality_12b - Clicked on shop link
23:48:41.191 [main] INFO  testcases.TC_ShopViewBasketTaxFuctionality_12b - Clicking on add to basket button...
23:48:41.416 [main] INFO  testcases.TC_ShopViewBasketTaxFuctionality_12b - Viewing book in the menu item with price...
23:48:41.773 [main] INFO  testcases.TC_ShopViewBasketTaxFuctionality_12b - pass
23:48:41.777 [main] INFO  testcases.TC_ShopViewBasketTaxFuctionality_12b - Clicking on item link...
23:48:43.098 [main] INFO  testcases.TC_ShopViewBasketTaxFuctionality_12b - Checking if total < subtotal
23:48:43.228 [main] INFO  testcases.TC_ShopViewBasketTaxFuctionality_12b - Passed
23:48:43.229 [main] INFO  testcases.TC_ShopViewBasketTaxFuctionality_12b - Clicking on checkout button...
23:48:44.775 [main] INFO  testcases.TC_ShopViewBasketTaxFuctionality_12b - Fill the billing details form...
23:48:47.288 [main] INFO  testcases.TC_ShopViewBasketTaxFuctionality_12b - Checking tax amount for United Kingdom...
23:48:57.318 [main] ERROR testcases.TC_ShopViewBasketTaxFuctionality_12b - test failure..
23:48:57.319 [main] DEBUG testcases.TC_ShopViewBasketTaxFuctionality_12b - Application debug logs ends...
23:48:57.319 [main] INFO  testcases.TC_ShopViewBasketTaxFuctionality_12b - **** Finished TC_ShopViewBasketTaxFuctionality_12b  ****
23:51:43.335 [main] INFO  testcases.TC_ShopViewBasketTaxFuctionality_12b - **** Starting TC_ShopViewBasketTaxFuctionality_12b  *****
23:51:43.363 [main] DEBUG testcases.TC_ShopViewBasketTaxFuctionality_12b - capturing application debug logs....
23:51:45.284 [main] INFO  testcases.TC_ShopViewBasketTaxFuctionality_12b - Clicked on shop link
23:51:45.355 [main] INFO  testcases.TC_ShopViewBasketTaxFuctionality_12b - Clicking on add to basket button...
23:51:45.575 [main] INFO  testcases.TC_ShopViewBasketTaxFuctionality_12b - Viewing book in the menu item with price...
