00:38:15.057 [main] DEBUG testcases.TC_ShopProductCategories_02 - Application debug logs ends...
00:38:15.104 [main] INFO  testcases.TC_ShopProductCategories_02 - **** Finished TC_ShopProductCategories_02  ****
00:41:56.567 [main] INFO  testcases.TC_ShopProductCategories_02 - **** Starting TC_ShopProductCategories_02  *****
00:41:56.572 [main] DEBUG testcases.TC_ShopProductCategories_02 - capturing application debug logs....
00:41:58.869 [main] INFO  testcases.TC_ShopProductCategories_02 - Clicked on shop link
00:41:58.870 [main] INFO  testcases.TC_ShopProductCategories_02 - Clicking on product links...
00:42:00.753 [main] INFO  testcases.TC_ShopProductCategories_02 - Validating the product...
00:42:00.939 [main] INFO  testcases.TC_ShopProductCategories_02 - pass
00:42:00.943 [main] DEBUG testcases.TC_ShopProductCategories_02 - Application debug logs ends...
00:42:00.943 [main] INFO  testcases.TC_ShopProductCategories_02 - **** Finished TC_ShopProductCategories_02  ****
00:47:14.941 [main] INFO  testcases.TC_ShopProductCategories_02 - **** Starting TC_ShopProductCategories_02  *****
00:47:14.948 [main] DEBUG testcases.TC_ShopProductCategories_02 - capturing application debug logs....
00:47:18.164 [main] INFO  testcases.TC_ShopProductCategories_02 - Clicked on shop link
00:47:18.164 [main] INFO  testcases.TC_ShopProductCategories_02 - Clicking on product links...
00:47:23.825 [main] ERROR testcases.TC_ShopProductCategories_02 - test failure..
00:47:23.826 [main] DEBUG testcases.TC_ShopProductCategories_02 - Application debug logs ends...
00:47:23.826 [main] INFO  testcases.TC_ShopProductCategories_02 - **** Finished TC_ShopProductCategories_02  ****
00:49:07.406 [main] INFO  testcases.TC_ShopProductCategories_02 - **** Starting TC_ShopProductCategories_02  *****
00:49:07.414 [main] DEBUG testcases.TC_ShopProductCategories_02 - capturing application debug logs....
00:49:09.615 [main] INFO  testcases.TC_ShopProductCategories_02 - Clicked on shop link
00:49:09.615 [main] INFO  testcases.TC_ShopProductCategories_02 - Clicking on product links...
00:49:13.576 [main] ERROR testcases.TC_ShopProductCategories_02 - test failure..
00:49:13.577 [main] DEBUG testcases.TC_ShopProductCategories_02 - Application debug logs ends...
00:49:13.577 [main] INFO  testcases.TC_ShopProductCategories_02 - **** Finished TC_ShopProductCategories_02  ****
00:51:49.430 [main] INFO  testcases.TC_ShopProductCategories_02 - **** Starting TC_ShopProductCategories_02  *****
00:51:49.436 [main] DEBUG testcases.TC_ShopProductCategories_02 - capturing application debug logs....
00:51:51.458 [main] INFO  testcases.TC_ShopProductCategories_02 - Clicked on shop link
00:51:51.459 [main] INFO  testcases.TC_ShopProductCategories_02 - Clicking on product links...
00:51:58.552 [main] INFO  testcases.TC_ShopProductCategories_02 - Validating the product...
00:51:58.646 [main] INFO  testcases.TC_ShopProductCategories_02 - pass
00:51:58.650 [main] DEBUG testcases.TC_ShopProductCategories_02 - Application debug logs ends...
00:51:58.651 [main] INFO  testcases.TC_ShopProductCategories_02 - **** Finished TC_ShopProductCategories_02  ****
18:50:04.856 [main] INFO  testcases.TC_ShopDefaultSorting_03 - **** Starting TC_ShopDefaultSorting_03  *****
18:50:05.067 [main] DEBUG testcases.TC_ShopDefaultSorting_03 - capturing application debug logs....
18:50:08.068 [main] INFO  testcases.TC_ShopDefaultSorting_03 - Clicked on shop link
18:50:08.068 [main] INFO  testcases.TC_ShopDefaultSorting_03 - Clicking on sort by popularity in the dropdown...
18:50:10.570 [main] DEBUG testcases.TC_ShopDefaultSorting_03 - Application debug logs ends...
18:50:10.571 [main] INFO  testcases.TC_ShopDefaultSorting_03 - **** Finished TC_ShopDefaultSorting_03  ****
19:02:18.638 [main] INFO  testcases.TC_ShopDefaultSorting_04 - **** Starting TC_ShopDefaultSorting_04  *****
19:02:18.646 [main] DEBUG testcases.TC_ShopDefaultSorting_04 - capturing application debug logs....
19:02:21.215 [main] INFO  testcases.TC_ShopDefaultSorting_04 - Clicked on shop link
19:02:21.216 [main] INFO  testcases.TC_ShopDefaultSorting_04 - Clicking on sort by average rating in the dropdown...
19:02:23.696 [main] DEBUG testcases.TC_ShopDefaultSorting_04 - Application debug logs ends...
19:02:23.696 [main] INFO  testcases.TC_ShopDefaultSorting_04 - **** Finished TC_ShopDefaultSorting_04  ****
19:11:31.908 [main] INFO  testcases.TC_ShopDefaultSorting_05 - **** Starting TC_ShopDefaultSorting_05  *****
19:11:31.914 [main] DEBUG testcases.TC_ShopDefaultSorting_05 - capturing application debug logs....
19:11:34.231 [main] INFO  testcases.TC_ShopDefaultSorting_05 - Clicked on shop link
19:11:34.231 [main] INFO  testcases.TC_ShopDefaultSorting_05 - Clicking on sort by newness rating in the dropdown...
19:11:36.743 [main] DEBUG testcases.TC_ShopDefaultSorting_05 - Application debug logs ends...
19:11:36.744 [main] INFO  testcases.TC_ShopDefaultSorting_05 - **** Finished TC_ShopDefaultSorting_05  ****
