22:32:13.369 [main] DEBUG org.apache.poi.openxml4j.opc.PackageRelationshipCollection - Parsing relationship: /xl/worksheets/_rels/sheet1.xml.rels
22:32:13.388 [main] DEBUG org.apache.poi.openxml4j.opc.PackageRelationshipCollection - Parsing relationship: /_rels/.rels
22:32:13.444 [main] DEBUG org.apache.poi.openxml4j.opc.PackageRelationshipCollection - Parsing relationship: /xl/_rels/workbook.xml.rels
22:32:13.446 [main] DEBUG org.apache.poi.openxml4j.opc.PackageRelationshipCollection - Parsing relationship: /xl/worksheets/_rels/sheet1.xml.rels
22:32:13.448 [main] DEBUG org.apache.poi.openxml4j.opc.PackageRelationshipCollection - Parsing relationship: /_rels/.rels
22:32:13.495 [main] DEBUG org.apache.poi.openxml4j.opc.PackageRelationshipCollection - Parsing relationship: /xl/_rels/workbook.xml.rels
22:32:13.497 [main] DEBUG org.apache.poi.openxml4j.opc.PackageRelationshipCollection - Parsing relationship: /xl/worksheets/_rels/sheet1.xml.rels
22:32:13.498 [main] DEBUG org.apache.poi.openxml4j.opc.PackageRelationshipCollection - Parsing relationship: /_rels/.rels
22:32:13.559 [main] INFO  testcases.TC_AccountLoginDDT - **** Starting TC_LoginDDT *****
22:32:15.225 [main] INFO  testcases.TC_AccountLoginDDT - clicked MyAccount link...
22:32:15.226 [main] INFO  testcases.TC_AccountLoginDDT - entering login details...
22:32:17.234 [main] INFO  testcases.TC_AccountLoginDDT - clicked login button...
22:32:17.234 [main] INFO  testcases.TC_AccountLoginDDT - **** Finished TC_LoginDDT *****
22:32:17.277 [main] INFO  testcases.TC_AccountLoginDDT - **** Starting TC_LoginDDT *****
22:32:18.698 [main] INFO  testcases.TC_AccountLoginDDT - clicked MyAccount link...
22:32:18.698 [main] INFO  testcases.TC_AccountLoginDDT - entering login details...
22:32:20.360 [main] INFO  testcases.TC_AccountLoginDDT - clicked login button...
22:32:20.361 [main] INFO  testcases.TC_AccountLoginDDT - **** Finished TC_LoginDDT *****
22:32:20.376 [main] INFO  testcases.TC_AccountLoginDDT - **** Starting TC_LoginDDT *****
22:32:21.865 [main] INFO  testcases.TC_AccountLoginDDT - clicked MyAccount link...
22:32:21.866 [main] INFO  testcases.TC_AccountLoginDDT - entering login details...
22:32:23.531 [main] INFO  testcases.TC_AccountLoginDDT - clicked login button...
22:32:23.531 [main] INFO  testcases.TC_AccountLoginDDT - **** Finished TC_LoginDDT *****
22:32:23.558 [main] INFO  testcases.TC_AccountLoginDDT - **** Starting TC_LoginDDT *****
22:32:24.947 [main] INFO  testcases.TC_AccountLoginDDT - clicked MyAccount link...
22:32:24.947 [main] INFO  testcases.TC_AccountLoginDDT - entering login details...
22:32:27.032 [main] INFO  testcases.TC_AccountLoginDDT - clicked login button...
22:32:27.032 [main] INFO  testcases.TC_AccountLoginDDT - **** Finished TC_LoginDDT *****
22:36:34.731 [main] INFO  testcases.TC_AccountLoginTest_06 - **** Starting TC_AccountLoginTest_06  *****
22:36:34.737 [main] DEBUG testcases.TC_AccountLoginTest_06 - capturing application debug logs....
22:36:37.198 [main] INFO  testcases.TC_AccountLoginTest_06 - Clicked on MyAccount link
22:36:37.198 [main] INFO  testcases.TC_AccountLoginTest_06 - checking masked password ..
22:36:37.540 [main] INFO  testcases.TC_AccountLoginTest_06 - Test passed...
22:36:37.547 [main] DEBUG testcases.TC_AccountLoginTest_06 - Application debug logs ends...
22:36:37.547 [main] INFO  testcases.TC_AccountLoginTest_06 - **** Finished TC_AccountLoginTest_06  ****
22:42:10.181 [main] INFO  testcases.TC_AccountLoginTest_07 - **** Starting TC_AccountLoginTest_07  *****
22:42:10.186 [main] DEBUG testcases.TC_AccountLoginTest_07 - capturing application debug logs....
22:42:12.034 [main] INFO  testcases.TC_AccountLoginTest_07 - Clicked on MyAccount link
22:42:12.035 [main] INFO  testcases.TC_AccountLoginTest_07 - checking case sensitivity...
22:42:14.264 [main] INFO  testcases.TC_AccountLoginTest_07 - Test passed...
22:42:14.271 [main] DEBUG testcases.TC_AccountLoginTest_07 - Application debug logs ends...
22:42:14.272 [main] INFO  testcases.TC_AccountLoginTest_07 - **** Finished TC_AccountLoginTest_07  ****
22:47:24.326 [main] INFO  testcases.TC_AccountLoginTest_08 - **** Starting TC_AccountLoginTest_08  *****
22:47:24.346 [main] DEBUG testcases.TC_AccountLoginTest_08 - capturing application debug logs....
22:47:26.205 [main] INFO  testcases.TC_AccountLoginTest_08 - Clicked on MyAccount link
22:47:26.205 [main] INFO  testcases.TC_AccountLoginTest_08 - Entering valid username and password ..
22:47:28.362 [main] INFO  testcases.TC_AccountLoginTest_08 - clicked on login button..
22:47:31.032 [main] INFO  testcases.TC_AccountLoginTest_08 - checking if my login heading is displayed..
22:47:31.146 [main] INFO  testcases.TC_AccountLoginTest_08 - Login test passed...
22:47:31.150 [main] DEBUG testcases.TC_AccountLoginTest_08 - Application debug logs ends...
22:47:31.150 [main] INFO  testcases.TC_AccountLoginTest_08 - **** Finished TC_AccountLoginTest_08  ****
22:51:27.494 [main] INFO  testcases.TC_AccountLoginTest_08 - **** Starting TC_AccountLoginTest_08  *****
