23:57:49.561 [main] INFO  testcases.TC_ShopFilterPrice_01 - Clicked on shop link
23:57:49.586 [main] ERROR testcases.TC_ShopFilterPrice_01 - test failure..
23:57:49.587 [main] DEBUG testcases.TC_ShopFilterPrice_01 - Application debug logs ends...
23:57:49.587 [main] INFO  testcases.TC_ShopFilterPrice_01 - **** Finished TC_ShopFilterPrice_01  ****
00:02:04.228 [main] INFO  testcases.TC_ShopFilterPrice_01 - **** Starting TC_ShopFilterPrice_01  *****
00:02:04.235 [main] DEBUG testcases.TC_ShopFilterPrice_01 - capturing application debug logs....
00:02:06.641 [main] INFO  testcases.TC_ShopFilterPrice_01 - Clicked on shop link
00:02:06.643 [main] ERROR testcases.TC_ShopFilterPrice_01 - test failure..
00:02:06.643 [main] DEBUG testcases.TC_ShopFilterPrice_01 - Application debug logs ends...
00:02:06.643 [main] INFO  testcases.TC_ShopFilterPrice_01 - **** Finished TC_ShopFilterPrice_01  ****
00:04:59.219 [main] INFO  testcases.TC_ShopFilterPrice_01 - **** Starting TC_ShopFilterPrice_01  *****
00:04:59.228 [main] DEBUG testcases.TC_ShopFilterPrice_01 - capturing application debug logs....
00:05:02.350 [main] INFO  testcases.TC_ShopFilterPrice_01 - Clicked on shop link
00:05:02.562 [main] DEBUG testcases.TC_ShopFilterPrice_01 - Application debug logs ends...
00:05:02.562 [main] INFO  testcases.TC_ShopFilterPrice_01 - **** Finished TC_ShopFilterPrice_01  ****
00:07:36.804 [main] INFO  testcases.TC_ShopFilterPrice_01 - **** Starting TC_ShopFilterPrice_01  *****
00:07:36.818 [main] DEBUG testcases.TC_ShopFilterPrice_01 - capturing application debug logs....
00:07:39.642 [main] INFO  testcases.TC_ShopFilterPrice_01 - Clicked on shop link
00:07:39.944 [main] DEBUG testcases.TC_ShopFilterPrice_01 - Application debug logs ends...
00:07:39.944 [main] INFO  testcases.TC_ShopFilterPrice_01 - **** Finished TC_ShopFilterPrice_01  ****
00:28:01.673 [main] INFO  testcases.TC_ShopFilterPrice_01 - **** Starting TC_ShopFilterPrice_01  *****
00:28:01.680 [main] DEBUG testcases.TC_ShopFilterPrice_01 - capturing application debug logs....
00:28:04.203 [main] INFO  testcases.TC_ShopFilterPrice_01 - Clicked on shop link
00:28:04.401 [main] ERROR testcases.TC_ShopFilterPrice_01 - test failure..
00:28:04.401 [main] DEBUG testcases.TC_ShopFilterPrice_01 - Application debug logs ends...
00:28:04.401 [main] INFO  testcases.TC_ShopFilterPrice_01 - **** Finished TC_ShopFilterPrice_01  ****
00:30:48.618 [main] INFO  testcases.TC_ShopFilterPrice_01 - **** Starting TC_ShopFilterPrice_01  *****
00:30:48.625 [main] DEBUG testcases.TC_ShopFilterPrice_01 - capturing application debug logs....
00:30:51.169 [main] INFO  testcases.TC_ShopFilterPrice_01 - Clicked on shop link
00:30:51.336 [main] ERROR testcases.TC_ShopFilterPrice_01 - test failure..
00:30:51.336 [main] DEBUG testcases.TC_ShopFilterPrice_01 - Application debug logs ends...
00:30:51.337 [main] INFO  testcases.TC_ShopFilterPrice_01 - **** Finished TC_ShopFilterPrice_01  ****
00:33:07.765 [main] INFO  testcases.TC_ShopFilterPrice_01 - **** Starting TC_ShopFilterPrice_01  *****
00:33:07.781 [main] DEBUG testcases.TC_ShopFilterPrice_01 - capturing application debug logs....
00:33:09.830 [main] INFO  testcases.TC_ShopFilterPrice_01 - Clicked on shop link
00:33:09.913 [main] ERROR testcases.TC_ShopFilterPrice_01 - test failure..
00:33:09.913 [main] DEBUG testcases.TC_ShopFilterPrice_01 - Application debug logs ends...
00:33:09.914 [main] INFO  testcases.TC_ShopFilterPrice_01 - **** Finished TC_ShopFilterPrice_01  ****
01:48:59.531 [main] INFO  testcases.TC_ShopFilterPrice_01 - **** Starting TC_ShopFilterPrice_01  *****
01:48:59.538 [main] DEBUG testcases.TC_ShopFilterPrice_01 - capturing application debug logs....
01:49:02.489 [main] INFO  testcases.TC_ShopFilterPrice_01 - Clicked on shop link
01:49:02.676 [main] ERROR testcases.TC_ShopFilterPrice_01 - test failure..
01:49:02.676 [main] DEBUG testcases.TC_ShopFilterPrice_01 - Application debug logs ends...
01:49:02.676 [main] INFO  testcases.TC_ShopFilterPrice_01 - **** Finished TC_ShopFilterPrice_01  ****
01:50:48.024 [main] INFO  testcases.TC_ShopFilterPrice_01 - **** Starting TC_ShopFilterPrice_01  *****
01:50:48.033 [main] DEBUG testcases.TC_ShopFilterPrice_01 - capturing application debug logs....
01:50:50.330 [main] INFO  testcases.TC_ShopFilterPrice_01 - Clicked on shop link
01:50:50.518 [main] ERROR testcases.TC_ShopFilterPrice_01 - test failure..
01:50:50.518 [main] DEBUG testcases.TC_ShopFilterPrice_01 - Application debug logs ends...
01:50:50.518 [main] INFO  testcases.TC_ShopFilterPrice_01 - **** Finished TC_ShopFilterPrice_01  ****
01:52:03.514 [main] INFO  testcases.TC_ShopFilterPrice_01 - **** Starting TC_ShopFilterPrice_01  *****
01:52:03.522 [main] DEBUG testcases.TC_ShopFilterPrice_01 - capturing application debug logs....
01:52:05.604 [main] INFO  testcases.TC_ShopFilterPrice_01 - Clicked on shop link
01:52:05.700 [main] ERROR testcases.TC_ShopFilterPrice_01 - test failure..
