03:00:46.729 [main] INFO  testcases.TC_HomeArrivalAddMoreItem_12 - Test passed...
03:00:46.804 [main] INFO  testcases.TC_HomeArrivalAddMoreItem_12 - Clicking on add to basket button...
03:00:48.500 [main] INFO  testcases.TC_HomeArrivalAddMoreItem_12 - Clicking on view basket button...
03:00:49.695 [main] INFO  testcases.TC_HomeArrivalAddMoreItem_12 - Viewing product price...
03:00:49.759 [main] INFO  testcases.TC_HomeArrivalAddMoreItem_12 - price is ₹500.00 
03:00:49.759 [main] INFO  testcases.TC_HomeArrivalAddMoreItem_12 - Clicking on textbox under quantity to add more book...
03:00:49.995 [main] INFO  testcases.TC_HomeArrivalAddMoreItem_12 - Clicking on update basket button...
03:00:50.170 [main] INFO  testcases.TC_HomeArrivalAddMoreItem_12 - Validating shopping cart update...
03:00:50.861 [main] INFO  testcases.TC_HomeArrivalAddMoreItem_12 - Shopping cart updated
03:00:50.861 [main] DEBUG testcases.TC_HomeArrivalAddMoreItem_12 - Application debug logs ends...
03:00:50.861 [main] INFO  testcases.TC_HomeArrivalAddMoreItem_12 - **** Finished TC_HomeArrivalAddMoreItem_12  ****
03:07:14.043 [main] INFO  testcases.TC_HomeArrivalAddMoreItem_12 - **** Starting TC_HomeArrivalAddMoreItem_12  *****
03:07:14.050 [main] DEBUG testcases.TC_HomeArrivalAddMoreItem_12 - capturing application debug logs....
03:07:19.368 [main] INFO  testcases.TC_HomeArrivalAddMoreItem_12 - Clicked on shop link
03:07:26.550 [main] INFO  testcases.TC_HomeArrivalAddMoreItem_12 - Clicked on home link
03:07:26.551 [main] INFO  testcases.TC_HomeArrivalAddMoreItem_12 - Checking total number of Arrivals images and navigation...
03:07:28.451 [main] INFO  testcases.TC_HomeArrivalAddMoreItem_12 - Test passed...
03:07:28.456 [main] INFO  testcases.TC_HomeArrivalAddMoreItem_12 - Clicking on add to basket button...
03:07:29.977 [main] INFO  testcases.TC_HomeArrivalAddMoreItem_12 - Clicking on view basket button...
03:07:31.308 [main] INFO  testcases.TC_HomeArrivalAddMoreItem_12 - Viewing product price...
03:07:31.400 [main] INFO  testcases.TC_HomeArrivalAddMoreItem_12 - price is ₹500.00 
03:07:31.401 [main] INFO  testcases.TC_HomeArrivalAddMoreItem_12 - Clicking on textbox under quantity to add more book...
03:07:31.639 [main] INFO  testcases.TC_HomeArrivalAddMoreItem_12 - Clicking on update basket button...
03:07:31.785 [main] INFO  testcases.TC_HomeArrivalAddMoreItem_12 - Validating shopping cart update...
03:07:32.355 [main] ERROR testcases.TC_HomeArrivalAddMoreItem_12 - Shopping cart not updated
03:08:59.934 [main] INFO  testcases.TC_HomeArrivalAddMoreItem_12 - **** Starting TC_HomeArrivalAddMoreItem_12  *****
03:08:59.973 [main] DEBUG testcases.TC_HomeArrivalAddMoreItem_12 - capturing application debug logs....
03:09:02.558 [main] INFO  testcases.TC_HomeArrivalAddMoreItem_12 - Clicked on shop link
03:09:09.365 [main] INFO  testcases.TC_HomeArrivalAddMoreItem_12 - Clicked on home link
03:09:09.366 [main] INFO  testcases.TC_HomeArrivalAddMoreItem_12 - Checking total number of Arrivals images and navigation...
03:09:12.530 [main] INFO  testcases.TC_HomeArrivalAddMoreItem_12 - Test passed...
03:09:12.534 [main] INFO  testcases.TC_HomeArrivalAddMoreItem_12 - Clicking on add to basket button...
03:09:14.222 [main] INFO  testcases.TC_HomeArrivalAddMoreItem_12 - Clicking on view basket button...
03:09:15.912 [main] INFO  testcases.TC_HomeArrivalAddMoreItem_12 - Viewing product price...
03:09:15.967 [main] INFO  testcases.TC_HomeArrivalAddMoreItem_12 - price is ₹500.00 
03:09:15.967 [main] INFO  testcases.TC_HomeArrivalAddMoreItem_12 - Clicking on textbox under quantity to add more book...
03:09:16.443 [main] INFO  testcases.TC_HomeArrivalAddMoreItem_12 - Clicking on update basket button...
03:09:16.606 [main] INFO  testcases.TC_HomeArrivalAddMoreItem_12 - Validating shopping cart update...
03:09:17.257 [main] INFO  testcases.TC_HomeArrivalAddMoreItem_12 - Shopping cart updated
03:09:17.257 [main] DEBUG testcases.TC_HomeArrivalAddMoreItem_12 - Application debug logs ends...
03:09:17.258 [main] INFO  testcases.TC_HomeArrivalAddMoreItem_12 - **** Finished TC_HomeArrivalAddMoreItem_12  ****
03:10:44.410 [main] INFO  testcases.TC_HomeArrivalAddMoreItem_12 - **** Starting TC_HomeArrivalAddMoreItem_12  *****
03:10:44.417 [main] DEBUG testcases.TC_HomeArrivalAddMoreItem_12 - capturing application debug logs....
03:10:48.590 [main] INFO  testcases.TC_HomeArrivalAddMoreItem_12 - Clicked on shop link
03:10:53.300 [main] INFO  testcases.TC_HomeArrivalAddMoreItem_12 - Clicked on home link
03:10:53.300 [main] INFO  testcases.TC_HomeArrivalAddMoreItem_12 - Checking total number of Arrivals images and navigation...
03:10:55.633 [main] INFO  testcases.TC_HomeArrivalAddMoreItem_12 - Test passed...
03:10:55.636 [main] INFO  testcases.TC_HomeArrivalAddMoreItem_12 - Clicking on add to basket button...
03:10:57.125 [main] INFO  testcases.TC_HomeArrivalAddMoreItem_12 - Clicking on view basket button...
03:10:58.663 [main] INFO  testcases.TC_HomeArrivalAddMoreItem_12 - Viewing product price...
