22:54:12.724 [main] INFO  testcases.TC_HomeArrivalAddMoreItem_12 - Viewing product price...
22:54:12.914 [main] INFO  testcases.TC_HomeArrivalAddMoreItem_12 - price is ₹500.00 
22:54:12.915 [main] INFO  testcases.TC_HomeArrivalAddMoreItem_12 - Clicking on textbox under quantity to add more book...
22:54:13.095 [main] INFO  testcases.TC_HomeArrivalAddMoreItem_12 - Clicking on update basket button...
22:54:13.272 [main] INFO  testcases.TC_HomeArrivalAddMoreItem_12 - Validating shopping cart update...
22:54:23.314 [main] ERROR testcases.TC_HomeArrivalAddMoreItem_12 - test failure..
22:54:23.315 [main] DEBUG testcases.TC_HomeArrivalAddMoreItem_12 - Application debug logs ends...
22:54:23.316 [main] INFO  testcases.TC_HomeArrivalAddMoreItem_12 - **** Finished TC_HomeArrivalAddMoreItem_12  ****
22:58:10.609 [main] INFO  testcases.TC_HomeArrivalAddMoreItem_12 - **** Starting TC_HomeArrivalAddMoreItem_12  *****
22:58:10.615 [main] DEBUG testcases.TC_HomeArrivalAddMoreItem_12 - capturing application debug logs....
22:58:12.741 [main] INFO  testcases.TC_HomeArrivalAddMoreItem_12 - Clicked on shop link
22:58:19.312 [main] INFO  testcases.TC_HomeArrivalAddMoreItem_12 - Clicked on home link
22:58:19.313 [main] INFO  testcases.TC_HomeArrivalAddMoreItem_12 - Checking total number of Arrivals images and navigation...
22:58:21.970 [main] INFO  testcases.TC_HomeArrivalAddMoreItem_12 - Test passed...
22:58:21.973 [main] INFO  testcases.TC_HomeArrivalAddMoreItem_12 - Clicking on add to basket button...
22:58:23.552 [main] INFO  testcases.TC_HomeArrivalAddMoreItem_12 - Clicking on view basket button...
22:58:25.181 [main] INFO  testcases.TC_HomeArrivalAddMoreItem_12 - Viewing product price...
22:58:25.304 [main] INFO  testcases.TC_HomeArrivalAddMoreItem_12 - price is ₹500.00 
22:58:25.305 [main] INFO  testcases.TC_HomeArrivalAddMoreItem_12 - Clicking on textbox under quantity to add more book...
22:58:25.487 [main] INFO  testcases.TC_HomeArrivalAddMoreItem_12 - Clicking on update basket button...
22:58:25.651 [main] INFO  testcases.TC_HomeArrivalAddMoreItem_12 - Validating shopping cart update...
22:58:35.175 [main] ERROR testcases.TC_HomeArrivalAddMoreItem_12 - test failure..
22:58:35.176 [main] DEBUG testcases.TC_HomeArrivalAddMoreItem_12 - Application debug logs ends...
22:58:35.176 [main] INFO  testcases.TC_HomeArrivalAddMoreItem_12 - **** Finished TC_HomeArrivalAddMoreItem_12  ****
23:02:11.856 [main] INFO  testcases.TC_HomeArrivalAddMoreItem_12 - **** Starting TC_HomeArrivalAddMoreItem_12  *****
23:02:11.864 [main] DEBUG testcases.TC_HomeArrivalAddMoreItem_12 - capturing application debug logs....
23:02:14.325 [main] INFO  testcases.TC_HomeArrivalAddMoreItem_12 - Clicked on shop link
23:02:21.400 [main] INFO  testcases.TC_HomeArrivalAddMoreItem_12 - Clicked on home link
23:02:21.401 [main] INFO  testcases.TC_HomeArrivalAddMoreItem_12 - Checking total number of Arrivals images and navigation...
23:02:23.452 [main] INFO  testcases.TC_HomeArrivalAddMoreItem_12 - Test passed...
23:02:23.455 [main] INFO  testcases.TC_HomeArrivalAddMoreItem_12 - Clicking on add to basket button...
23:02:25.202 [main] INFO  testcases.TC_HomeArrivalAddMoreItem_12 - Clicking on view basket button...
23:02:26.776 [main] INFO  testcases.TC_HomeArrivalAddMoreItem_12 - Viewing product price...
23:02:26.851 [main] INFO  testcases.TC_HomeArrivalAddMoreItem_12 - price is ₹500.00 
23:02:26.852 [main] INFO  testcases.TC_HomeArrivalAddMoreItem_12 - Clicking on textbox under quantity to add more book...
23:02:27.004 [main] DEBUG testcases.TC_HomeArrivalAddMoreItem_12 - Application debug logs ends...
23:02:27.005 [main] INFO  testcases.TC_HomeArrivalAddMoreItem_12 - **** Finished TC_HomeArrivalAddMoreItem_12  ****
23:08:44.982 [main] INFO  testcases.TC_HomeArrivalAddMoreItem_12 - **** Starting TC_HomeArrivalAddMoreItem_12  *****
23:08:44.988 [main] DEBUG testcases.TC_HomeArrivalAddMoreItem_12 - capturing application debug logs....
23:08:47.575 [main] INFO  testcases.TC_HomeArrivalAddMoreItem_12 - Clicked on shop link
23:08:54.712 [main] INFO  testcases.TC_HomeArrivalAddMoreItem_12 - Clicked on home link
23:08:54.712 [main] INFO  testcases.TC_HomeArrivalAddMoreItem_12 - Checking total number of Arrivals images and navigation...
23:09:00.080 [main] INFO  testcases.TC_HomeArrivalAddMoreItem_12 - Test passed...
23:09:00.085 [main] INFO  testcases.TC_HomeArrivalAddMoreItem_12 - Clicking on add to basket button...
23:09:01.769 [main] INFO  testcases.TC_HomeArrivalAddMoreItem_12 - Clicking on view basket button...
23:09:03.307 [main] INFO  testcases.TC_HomeArrivalAddMoreItem_12 - Viewing product price...
23:09:03.382 [main] INFO  testcases.TC_HomeArrivalAddMoreItem_12 - price is ₹500.00 
23:09:08.390 [main] INFO  testcases.TC_HomeArrivalAddMoreItem_12 - Clicking on textbox under quantity to add more book...
23:09:08.523 [main] DEBUG testcases.TC_HomeArrivalAddMoreItem_12 - Application debug logs ends...
23:09:08.524 [main] INFO  testcases.TC_HomeArrivalAddMoreItem_12 - **** Finished TC_HomeArrivalAddMoreItem_12  ****
