21:41:03.919 [main] INFO  testcases.TC_MyAccount_AccountDetails_07 - Login is successful
21:41:03.933 [main] INFO  testcases.TC_MyAccount_AccountDetails_07 - Clicking on my account link..
21:41:05.079 [main] INFO  testcases.TC_MyAccount_AccountDetails_07 - Clicking on account details..
21:41:06.434 [main] INFO  testcases.TC_MyAccount_AccountDetails_07 - Changing password...
21:41:08.854 [main] INFO  testcases.TC_MyAccount_AccountDetails_07 - Validating that password is changed...
21:41:08.922 [main] INFO  testcases.TC_MyAccount_AccountDetails_07 - Test passed...
21:41:08.922 [main] DEBUG testcases.TC_MyAccount_AccountDetails_07 - Application debug logs ends...
21:41:08.924 [main] INFO  testcases.TC_MyAccount_AccountDetails_07 - **** Finished TC_MyAccount_AccountDetails_07  ****
21:42:07.322 [main] INFO  testcases.TC_MyAccount_AccountDetails_07 - **** Starting TC_MyAccount_AccountDetails_07  *****
21:42:07.331 [main] DEBUG testcases.TC_MyAccount_AccountDetails_07 - capturing application debug logs....
21:42:09.054 [main] INFO  testcases.TC_MyAccount_AccountDetails_07 - Clicked on my account menu
21:42:09.054 [main] INFO  testcases.TC_MyAccount_AccountDetails_07 - Entering registered username and password ..
21:42:11.143 [main] INFO  testcases.TC_MyAccount_AccountDetails_07 - clicked on login button..
21:42:11.143 [main] INFO  testcases.TC_MyAccount_AccountDetails_07 - Checking if login is successful..
21:42:21.223 [main] INFO  testcases.TC_MyAccount_AccountDetails_07 - Login is not successful
22:10:50.195 [main] INFO  testcases.TC_MyAccount_AccountDetails_07 - **** Starting TC_MyAccount_AccountDetails_07  *****
22:10:50.200 [main] DEBUG testcases.TC_MyAccount_AccountDetails_07 - capturing application debug logs....
22:10:52.596 [main] INFO  testcases.TC_MyAccount_AccountDetails_07 - Clicked on my account menu
22:10:52.597 [main] INFO  testcases.TC_MyAccount_AccountDetails_07 - Entering registered username and password ..
22:10:54.646 [main] INFO  testcases.TC_MyAccount_AccountDetails_07 - clicked on login button..
22:10:54.646 [main] INFO  testcases.TC_MyAccount_AccountDetails_07 - Checking if login is successful..
22:10:54.761 [main] INFO  testcases.TC_MyAccount_AccountDetails_07 - Login is successful
22:10:54.766 [main] INFO  testcases.TC_MyAccount_AccountDetails_07 - Clicking on my account link..
22:10:55.974 [main] INFO  testcases.TC_MyAccount_AccountDetails_07 - Clicking on account details..
22:10:57.608 [main] INFO  testcases.TC_MyAccount_AccountDetails_07 - Changing password...
22:10:59.889 [main] INFO  testcases.TC_MyAccount_AccountDetails_07 - Validating that password is changed...
22:10:59.971 [main] INFO  testcases.TC_MyAccount_AccountDetails_07 - Test passed...
22:10:59.972 [main] DEBUG testcases.TC_MyAccount_AccountDetails_07 - Application debug logs ends...
22:10:59.972 [main] INFO  testcases.TC_MyAccount_AccountDetails_07 - **** Finished TC_MyAccount_AccountDetails_07  ****
22:40:02.518 [main] INFO  testcases.TC_MyAccountLogout_08 - **** Starting TC_MyAccountLogout_08  *****
22:40:02.529 [main] DEBUG testcases.TC_MyAccountLogout_08 - capturing application debug logs....
22:40:04.650 [main] INFO  testcases.TC_MyAccountLogout_08 - Clicked on my account menu
22:40:04.650 [main] INFO  testcases.TC_MyAccountLogout_08 - Entering registered username and password ..
22:40:07.040 [main] INFO  testcases.TC_MyAccountLogout_08 - clicked on login button..
22:40:07.041 [main] INFO  testcases.TC_MyAccountLogout_08 - Checking if login is successful..
22:40:07.211 [main] INFO  testcases.TC_MyAccountLogout_08 - Login is successful
22:40:07.215 [main] INFO  testcases.TC_MyAccountLogout_08 - Clicking on my account link..
22:40:08.550 [main] INFO  testcases.TC_MyAccountLogout_08 - Clicking on logout button...
22:40:10.421 [main] INFO  testcases.TC_MyAccountLogout_08 - Validating that user has successfully logged out...
22:40:11.327 [main] INFO  testcases.TC_MyAccountLogout_08 - User has successfully logged out...
22:40:11.328 [main] DEBUG testcases.TC_MyAccountLogout_08 - Application debug logs ends...
22:40:11.328 [main] INFO  testcases.TC_MyAccountLogout_08 - **** Finished TC_MyAccountLogout_08  ****
23:50:53.463 [main] INFO  testcases.TC_HomePageSlidersTest_01 - **** Starting TC_HomePageSlidersTest_01  *****
23:50:53.471 [main] DEBUG testcases.TC_HomePageSlidersTest_01 - capturing application debug logs....
23:50:55.843 [main] INFO  testcases.TC_HomePageSlidersTest_01 - Clicked on shop link
23:50:57.807 [main] INFO  testcases.TC_HomePageSlidersTest_01 - Clicked on home link
23:50:57.808 [main] INFO  testcases.TC_HomePageSlidersTest_01 - Checking number of sliders...
23:50:57.873 [main] INFO  testcases.TC_HomePageSlidersTest_01 - Test passed...
23:50:57.877 [main] DEBUG testcases.TC_HomePageSlidersTest_01 - Application debug logs ends...
23:50:57.877 [main] INFO  testcases.TC_HomePageSlidersTest_01 - **** Finished TC_HomePageSlidersTest_01  ****
