23:29:45.890 [main] INFO  testcases.TC_HomePageArrivalsImageNavigationTest_03 - Checking total number of Arrivals images and navigation...
23:29:47.798 [main] INFO  testcases.TC_HomePageArrivalsImageNavigationTest_03 - Test passed...
23:29:47.799 [main] INFO  testcases.TC_HomePageArrivalsImageNavigationTest_03 - checking if add to basket button is displayed..
23:29:47.900 [main] INFO  testcases.TC_HomePageArrivalsImageNavigationTest_03 - Add to basket button displayed..
23:29:47.901 [main] DEBUG testcases.TC_HomePageArrivalsImageNavigationTest_03 - Application debug logs ends...
23:29:47.901 [main] INFO  testcases.TC_HomePageArrivalsImageNavigationTest_03 - **** Finished TC_HomePageArrivalsImageNavigationTest_03  ****
23:32:50.966 [main] INFO  testcases.TC_HomePageSlidersTest_01 - **** Starting TC_HomePageSlidersTest_01  *****
23:32:50.974 [main] DEBUG testcases.TC_HomePageSlidersTest_01 - capturing application debug logs....
23:32:54.252 [main] INFO  testcases.TC_HomePageSlidersTest_01 - Clicked on shop link
23:32:55.858 [main] INFO  testcases.TC_HomePageSlidersTest_01 - Clicked on home link
23:32:55.858 [main] INFO  testcases.TC_HomePageSlidersTest_01 - Checking number of sliders...
23:32:55.908 [main] INFO  testcases.TC_HomePageSlidersTest_01 - Test passed...
23:32:55.916 [main] DEBUG testcases.TC_HomePageSlidersTest_01 - Application debug logs ends...
23:32:55.916 [main] INFO  testcases.TC_HomePageSlidersTest_01 - **** Finished TC_HomePageSlidersTest_01  ****
23:33:08.678 [main] INFO  testcases.TC_HomePageArrivalsTest_02 - **** Starting TC_HomePageArrivalsTest_02  *****
23:33:08.680 [main] DEBUG testcases.TC_HomePageArrivalsTest_02 - capturing application debug logs....
23:33:11.439 [main] INFO  testcases.TC_HomePageArrivalsTest_02 - Clicked on shop link
23:33:13.091 [main] INFO  testcases.TC_HomePageArrivalsTest_02 - Clicked on home link
23:33:13.091 [main] INFO  testcases.TC_HomePageArrivalsTest_02 - Checking total number of arrivals...
23:33:13.133 [main] INFO  testcases.TC_HomePageArrivalsTest_02 - Test passed...
23:33:13.134 [main] DEBUG testcases.TC_HomePageArrivalsTest_02 - Application debug logs ends...
23:33:13.134 [main] INFO  testcases.TC_HomePageArrivalsTest_02 - **** Finished TC_HomePageArrivalsTest_02  ****
23:33:26.635 [main] INFO  testcases.TC_HomePageArrivalsImageNavigationTest_03 - **** Starting TC_HomePageArrivalsImageNavigationTest_03  *****
23:33:26.635 [main] DEBUG testcases.TC_HomePageArrivalsImageNavigationTest_03 - capturing application debug logs....
23:33:30.603 [main] INFO  testcases.TC_HomePageArrivalsImageNavigationTest_03 - Clicked on shop link
23:33:32.402 [main] INFO  testcases.TC_HomePageArrivalsImageNavigationTest_03 - Clicked on home link
23:33:32.402 [main] INFO  testcases.TC_HomePageArrivalsImageNavigationTest_03 - Checking total number of Arrivals images and navigation...
23:33:32.481 [main] ERROR testcases.TC_HomePageArrivalsImageNavigationTest_03 - Test failed
23:37:09.365 [main] INFO  testcases.TC_HomePageArrivalsImageNavigationTest_03 - **** Starting TC_HomePageArrivalsImageNavigationTest_03  *****
23:37:09.374 [main] DEBUG testcases.TC_HomePageArrivalsImageNavigationTest_03 - capturing application debug logs....
23:37:12.373 [main] INFO  testcases.TC_HomePageArrivalsImageNavigationTest_03 - Clicked on shop link
23:37:14.058 [main] INFO  testcases.TC_HomePageArrivalsImageNavigationTest_03 - Clicked on home link
23:37:14.059 [main] INFO  testcases.TC_HomePageArrivalsImageNavigationTest_03 - Checking total number of Arrivals images and navigation...
23:37:15.985 [main] INFO  testcases.TC_HomePageArrivalsImageNavigationTest_03 - Test passed...
23:37:15.990 [main] INFO  testcases.TC_HomePageArrivalsImageNavigationTest_03 - checking if add to basket button is displayed..
23:37:16.096 [main] INFO  testcases.TC_HomePageArrivalsImageNavigationTest_03 - Add to basket button displayed..
23:37:16.097 [main] DEBUG testcases.TC_HomePageArrivalsImageNavigationTest_03 - Application debug logs ends...
23:37:16.097 [main] INFO  testcases.TC_HomePageArrivalsImageNavigationTest_03 - **** Finished TC_HomePageArrivalsImageNavigationTest_03  ****
23:39:11.495 [main] INFO  testcases.TC_HomePageArrivalsImageNavigationTest_03 - **** Starting TC_HomePageArrivalsImageNavigationTest_03  *****
23:39:11.502 [main] DEBUG testcases.TC_HomePageArrivalsImageNavigationTest_03 - capturing application debug logs....
23:39:13.876 [main] INFO  testcases.TC_HomePageArrivalsImageNavigationTest_03 - Clicked on shop link
23:39:15.532 [main] INFO  testcases.TC_HomePageArrivalsImageNavigationTest_03 - Clicked on home link
23:39:15.533 [main] INFO  testcases.TC_HomePageArrivalsImageNavigationTest_03 - Checking total number of Arrivals images and navigation...
23:39:17.015 [main] INFO  testcases.TC_HomePageArrivalsImageNavigationTest_03 - Test passed...
23:39:17.019 [main] INFO  testcases.TC_HomePageArrivalsImageNavigationTest_03 - checking if add to basket button is displayed..
