23:04:51.614 [main] INFO  testcases.TC_HomeArrivalCheckoutFunctionality_16 - **** Starting TC_HomeArrivalCheckoutFunctionality_16  *****
23:04:51.868 [main] DEBUG testcases.TC_HomeArrivalCheckoutFunctionality_16 - capturing application debug logs....
23:04:53.996 [main] INFO  testcases.TC_HomeArrivalCheckoutFunctionality_16 - Clicked on shop link
23:04:56.143 [main] INFO  testcases.TC_HomeArrivalCheckoutFunctionality_16 - Clicked on home link
23:04:56.144 [main] INFO  testcases.TC_HomeArrivalCheckoutFunctionality_16 - Checking total number of Arrivals images and navigation...
23:04:58.212 [main] INFO  testcases.TC_HomeArrivalCheckoutFunctionality_16 - Test passed...
23:04:58.216 [main] INFO  testcases.TC_HomeArrivalCheckoutFunctionality_16 - Clicking on add to basket button...
23:04:59.727 [main] INFO  testcases.TC_HomeArrivalCheckoutFunctionality_16 - Viewing the book in the menu item with price...
23:04:59.851 [main] INFO  testcases.TC_HomeArrivalCheckoutFunctionality_16 - Passed...
23:04:59.852 [main] INFO  testcases.TC_HomeArrivalCheckoutFunctionality_16 - Clicking on menu item link...
23:05:01.199 [main] INFO  testcases.TC_HomeArrivalCheckoutFunctionality_16 - Verify that total value is less than subtotal value...
23:05:01.353 [main] INFO  testcases.TC_HomeArrivalCheckoutFunctionality_16 - Pass
23:05:01.353 [main] INFO  testcases.TC_HomeArrivalCheckoutFunctionality_16 - Clicking on checkout button...
23:05:03.249 [main] INFO  testcases.TC_HomeArrivalCheckoutFunctionality_16 - Validating payment gateway page...
23:05:03.335 [main] INFO  testcases.TC_HomeArrivalCheckoutFunctionality_16 - Successful
23:05:03.335 [main] DEBUG testcases.TC_HomeArrivalCheckoutFunctionality_16 - Application debug logs ends...
23:05:03.335 [main] INFO  testcases.TC_HomeArrivalCheckoutFunctionality_16 - **** Finished TC_HomeArrivalCheckoutFunctionality_16  ****
23:17:42.718 [main] INFO  testcases.TC_HomeArrivalBillingDetails_17 - **** Starting TC_HomeArrivalBillingDetails_17  *****
23:17:42.724 [main] DEBUG testcases.TC_HomeArrivalBillingDetails_17 - capturing application debug logs....
23:17:45.164 [main] INFO  testcases.TC_HomeArrivalBillingDetails_17 - Clicked on shop link
23:17:47.268 [main] INFO  testcases.TC_HomeArrivalBillingDetails_17 - Clicked on home link
23:17:47.269 [main] INFO  testcases.TC_HomeArrivalBillingDetails_17 - Checking total number of Arrivals images and navigation...
23:17:49.517 [main] INFO  testcases.TC_HomeArrivalBillingDetails_17 - Test passed...
23:17:49.528 [main] INFO  testcases.TC_HomeArrivalBillingDetails_17 - Clicking on add to basket button...
23:17:51.202 [main] INFO  testcases.TC_HomeArrivalBillingDetails_17 - Viewing the book in the menu item with price...
23:17:51.303 [main] INFO  testcases.TC_HomeArrivalBillingDetails_17 - Passed...
23:17:51.303 [main] INFO  testcases.TC_HomeArrivalBillingDetails_17 - Clicking on menu item link...
23:17:52.922 [main] INFO  testcases.TC_HomeArrivalBillingDetails_17 - Verify that total value is less than subtotal value...
23:17:53.093 [main] INFO  testcases.TC_HomeArrivalBillingDetails_17 - Pass
23:17:53.094 [main] INFO  testcases.TC_HomeArrivalBillingDetails_17 - Clicking on checkout button...
23:17:55.111 [main] INFO  testcases.TC_HomeArrivalBillingDetails_17 - Viewing the order, billing and additional details...
23:17:55.524 [main] INFO  testcases.TC_HomeArrivalBillingDetails_17 - Successful
23:17:55.525 [main] INFO  testcases.TC_HomeArrivalBillingDetails_17 - Fill the billing details form...
23:17:58.450 [main] INFO  testcases.TC_HomeArrivalBillingDetails_17 - Selecting payment method...
23:17:58.558 [main] DEBUG testcases.TC_HomeArrivalBillingDetails_17 - Application debug logs ends...
23:17:58.558 [main] INFO  testcases.TC_HomeArrivalBillingDetails_17 - **** Finished TC_HomeArrivalBillingDetails_17  ****
23:27:20.175 [main] INFO  testcases.TC_HomeArrivalPlaceOrder_18 - **** Starting TC_HomeArrivalPlaceOrder_18  *****
23:27:20.199 [main] DEBUG testcases.TC_HomeArrivalPlaceOrder_18 - capturing application debug logs....
23:27:23.024 [main] INFO  testcases.TC_HomeArrivalPlaceOrder_18 - Clicked on shop link
23:27:27.733 [main] INFO  testcases.TC_HomeArrivalPlaceOrder_18 - Clicked on home link
23:27:27.734 [main] INFO  testcases.TC_HomeArrivalPlaceOrder_18 - Checking total number of Arrivals images and navigation...
23:27:29.434 [main] INFO  testcases.TC_HomeArrivalPlaceOrder_18 - Test passed...
23:27:29.439 [main] INFO  testcases.TC_HomeArrivalPlaceOrder_18 - Clicking on add to basket button...
23:27:30.875 [main] INFO  testcases.TC_HomeArrivalPlaceOrder_18 - Viewing the book in the menu item with price...
23:27:30.984 [main] INFO  testcases.TC_HomeArrivalPlaceOrder_18 - Passed...
23:27:30.985 [main] INFO  testcases.TC_HomeArrivalPlaceOrder_18 - Clicking on menu item link...
23:27:33.701 [main] INFO  testcases.TC_HomeArrivalPlaceOrder_18 - Verify that total value is less than subtotal value...
23:27:33.902 [main] INFO  testcases.TC_HomeArrivalPlaceOrder_18 - Pass
