18:37:23.453 [main] DEBUG testcases.TC_AccountLoginTest_06 - capturing application debug logs....
18:37:25.498 [main] INFO  testcases.TC_AccountLoginTest_06 - Clicked on MyAccount link
18:37:25.499 [main] INFO  testcases.TC_AccountLoginTest_06 - checking masked password ..
22:14:28.129 [main] INFO  testcases.TC_AccountRegistrationTest_01 - **** starting TC_AccountRegistrationTest_01  *****
22:14:28.137 [main] DEBUG testcases.TC_AccountRegistrationTest_01 - capturing application debug logs....
22:14:35.208 [main] INFO  testcases.TC_AccountRegistrationTest_01 - Clicked on My Account link
22:14:35.208 [main] INFO  testcases.TC_AccountRegistrationTest_01 - Entering Account Registration details.. 
22:14:46.999 [main] INFO  testcases.TC_AccountRegistrationTest_01 - clicked on register button..
22:14:47.000 [main] DEBUG testcases.TC_AccountRegistrationTest_01 - Application debug logs ends...
22:14:47.000 [main] INFO  testcases.TC_AccountRegistrationTest_01 - **** finished TC_AccountRegistrationTest_01  *****
22:16:12.739 [main] INFO  testcases.TC_AccountLoginTest_01 - **** Starting TC_AccountLoginTest_01  *****
22:16:12.747 [main] DEBUG testcases.TC_AccountLoginTest_01 - capturing application debug logs....
22:16:15.067 [main] INFO  testcases.TC_AccountLoginTest_01 - Clicked on MyAccount link
22:16:15.067 [main] INFO  testcases.TC_AccountLoginTest_01 - Entering valid username and password ..
22:16:17.501 [main] INFO  testcases.TC_AccountLoginTest_01 - clicked on login button..
22:16:17.501 [main] DEBUG testcases.TC_AccountLoginTest_01 - Application debug logs ends...
22:16:17.502 [main] INFO  testcases.TC_AccountLoginTest_01 - **** Finished TC_AccountLoginTest_01  ****
22:32:11.555 [main] INFO  testcases.TC_AccountLoginTest_06 - **** Starting TC_AccountLoginTest_06  *****
22:32:11.564 [main] DEBUG testcases.TC_AccountLoginTest_06 - capturing application debug logs....
22:32:13.827 [main] INFO  testcases.TC_AccountLoginTest_06 - Clicked on MyAccount link
22:32:13.827 [main] INFO  testcases.TC_AccountLoginTest_06 - checking masked password ..
22:32:14.283 [main] DEBUG testcases.TC_AccountLoginTest_06 - Application debug logs ends...
22:32:14.283 [main] INFO  testcases.TC_AccountLoginTest_06 - **** Finished TC_AccountLoginTest_06  ****
22:37:58.693 [main] INFO  testcases.TC_AccountLoginTest_06 - **** Starting TC_AccountLoginTest_06  *****
22:37:58.703 [main] DEBUG testcases.TC_AccountLoginTest_06 - capturing application debug logs....
22:38:01.827 [main] INFO  testcases.TC_AccountLoginTest_06 - Clicked on MyAccount link
22:38:01.827 [main] INFO  testcases.TC_AccountLoginTest_06 - checking masked password ..
22:38:02.300 [main] DEBUG testcases.TC_AccountLoginTest_06 - Application debug logs ends...
22:38:02.300 [main] INFO  testcases.TC_AccountLoginTest_06 - **** Finished TC_AccountLoginTest_06  ****
22:40:26.667 [main] INFO  testcases.TC_AccountLoginTest_06 - **** Starting TC_AccountLoginTest_06  *****
22:40:26.675 [main] DEBUG testcases.TC_AccountLoginTest_06 - capturing application debug logs....
22:40:29.003 [main] INFO  testcases.TC_AccountLoginTest_06 - Clicked on MyAccount link
22:40:29.003 [main] INFO  testcases.TC_AccountLoginTest_06 - checking masked password ..
22:40:29.467 [main] DEBUG testcases.TC_AccountLoginTest_06 - Application debug logs ends...
22:40:29.468 [main] INFO  testcases.TC_AccountLoginTest_06 - **** Finished TC_AccountLoginTest_06  ****
22:47:05.152 [main] INFO  testcases.TC_AccountLoginTest_06 - **** Starting TC_AccountLoginTest_06  *****
22:47:05.161 [main] DEBUG testcases.TC_AccountLoginTest_06 - capturing application debug logs....
22:47:07.464 [main] INFO  testcases.TC_AccountLoginTest_06 - Clicked on MyAccount link
22:47:07.465 [main] INFO  testcases.TC_AccountLoginTest_06 - checking masked password ..
22:47:07.603 [main] DEBUG testcases.TC_AccountLoginTest_06 - Application debug logs ends...
22:47:07.604 [main] INFO  testcases.TC_AccountLoginTest_06 - **** Finished TC_AccountLoginTest_06  ****
22:53:36.030 [main] INFO  testcases.TC_AccountLoginTest_06 - **** Starting TC_AccountLoginTest_06  *****
22:53:36.040 [main] DEBUG testcases.TC_AccountLoginTest_06 - capturing application debug logs....
22:53:37.696 [main] INFO  testcases.TC_AccountLoginTest_06 - Clicked on MyAccount link
22:53:37.696 [main] INFO  testcases.TC_AccountLoginTest_06 - checking masked password ..
22:53:37.809 [main] INFO  testcases.TC_AccountLoginTest_06 - Test passed...
22:53:37.819 [main] DEBUG testcases.TC_AccountLoginTest_06 - Application debug logs ends...
22:53:37.819 [main] INFO  testcases.TC_AccountLoginTest_06 - **** Finished TC_AccountLoginTest_06  ****
22:57:09.187 [main] INFO  testcases.TC_AccountLoginTest_06 - **** Starting TC_AccountLoginTest_06  *****
22:57:09.192 [main] DEBUG testcases.TC_AccountLoginTest_06 - capturing application debug logs....
22:57:11.438 [main] INFO  testcases.TC_AccountLoginTest_06 - Clicked on MyAccount link
22:57:11.439 [main] INFO  testcases.TC_AccountLoginTest_06 - checking masked password ..
