23:17:16.430 [main] DEBUG testcases.TC_ShopFilterPrice_01 - Application debug logs ends...
23:17:16.444 [main] INFO  testcases.TC_ShopFilterPrice_01 - **** Finished TC_ShopFilterPrice_01  ****
23:28:27.676 [main] INFO  testcases.TC_ShopFilterPrice_01 - **** Starting TC_ShopFilterPrice_01  *****
23:28:27.684 [main] DEBUG testcases.TC_ShopFilterPrice_01 - capturing application debug logs....
23:28:30.060 [main] INFO  testcases.TC_ShopFilterPrice_01 - Clicked on shop link
23:28:35.075 [main] ERROR testcases.TC_ShopFilterPrice_01 - test failure..
23:28:35.075 [main] DEBUG testcases.TC_ShopFilterPrice_01 - Application debug logs ends...
23:28:35.104 [main] INFO  testcases.TC_ShopFilterPrice_01 - **** Finished TC_ShopFilterPrice_01  ****
23:31:09.443 [main] INFO  testcases.TC_ShopFilterPrice_01 - **** Starting TC_ShopFilterPrice_01  *****
23:31:09.451 [main] DEBUG testcases.TC_ShopFilterPrice_01 - capturing application debug logs....
23:31:12.767 [main] INFO  testcases.TC_ShopFilterPrice_01 - Clicked on shop link
23:31:17.773 [main] ERROR testcases.TC_ShopFilterPrice_01 - test failure..
23:31:17.774 [main] DEBUG testcases.TC_ShopFilterPrice_01 - Application debug logs ends...
23:31:17.774 [main] INFO  testcases.TC_ShopFilterPrice_01 - **** Finished TC_ShopFilterPrice_01  ****
23:35:41.713 [main] INFO  testcases.TC_ShopFilterPrice_01 - **** Starting TC_ShopFilterPrice_01  *****
23:35:41.732 [main] DEBUG testcases.TC_ShopFilterPrice_01 - capturing application debug logs....
23:35:43.794 [main] INFO  testcases.TC_ShopFilterPrice_01 - Clicked on shop link
23:35:48.872 [main] DEBUG testcases.TC_ShopFilterPrice_01 - Application debug logs ends...
23:35:48.872 [main] INFO  testcases.TC_ShopFilterPrice_01 - **** Finished TC_ShopFilterPrice_01  ****
23:39:51.145 [main] INFO  testcases.TC_ShopFilterPrice_01 - **** Starting TC_ShopFilterPrice_01  *****
23:39:51.153 [main] DEBUG testcases.TC_ShopFilterPrice_01 - capturing application debug logs....
23:39:53.311 [main] INFO  testcases.TC_ShopFilterPrice_01 - Clicked on shop link
23:39:58.370 [main] ERROR testcases.TC_ShopFilterPrice_01 - test failure..
23:39:58.370 [main] DEBUG testcases.TC_ShopFilterPrice_01 - Application debug logs ends...
23:39:58.370 [main] INFO  testcases.TC_ShopFilterPrice_01 - **** Finished TC_ShopFilterPrice_01  ****
23:41:43.459 [main] INFO  testcases.TC_ShopFilterPrice_01 - **** Starting TC_ShopFilterPrice_01  *****
23:41:43.466 [main] DEBUG testcases.TC_ShopFilterPrice_01 - capturing application debug logs....
23:41:45.757 [main] INFO  testcases.TC_ShopFilterPrice_01 - Clicked on shop link
23:41:50.854 [main] ERROR testcases.TC_ShopFilterPrice_01 - test failure..
23:41:50.855 [main] DEBUG testcases.TC_ShopFilterPrice_01 - Application debug logs ends...
23:41:50.855 [main] INFO  testcases.TC_ShopFilterPrice_01 - **** Finished TC_ShopFilterPrice_01  ****
23:44:31.997 [main] INFO  testcases.TC_ShopFilterPrice_01 - **** Starting TC_ShopFilterPrice_01  *****
23:44:32.039 [main] DEBUG testcases.TC_ShopFilterPrice_01 - capturing application debug logs....
23:44:34.232 [main] INFO  testcases.TC_ShopFilterPrice_01 - Clicked on shop link
23:44:40.920 [main] DEBUG testcases.TC_ShopFilterPrice_01 - Application debug logs ends...
23:44:40.920 [main] INFO  testcases.TC_ShopFilterPrice_01 - **** Finished TC_ShopFilterPrice_01  ****
23:45:42.125 [main] INFO  testcases.TC_ShopFilterPrice_01 - **** Starting TC_ShopFilterPrice_01  *****
23:45:42.133 [main] DEBUG testcases.TC_ShopFilterPrice_01 - capturing application debug logs....
23:45:44.520 [main] INFO  testcases.TC_ShopFilterPrice_01 - Clicked on shop link
23:45:46.469 [main] DEBUG testcases.TC_ShopFilterPrice_01 - Application debug logs ends...
23:45:46.469 [main] INFO  testcases.TC_ShopFilterPrice_01 - **** Finished TC_ShopFilterPrice_01  ****
23:49:39.097 [main] INFO  testcases.TC_ShopFilterPrice_01 - **** Starting TC_ShopFilterPrice_01  *****
23:49:39.104 [main] DEBUG testcases.TC_ShopFilterPrice_01 - capturing application debug logs....
23:49:42.190 [main] INFO  testcases.TC_ShopFilterPrice_01 - Clicked on shop link
23:49:42.898 [main] DEBUG testcases.TC_ShopFilterPrice_01 - Application debug logs ends...
23:49:42.899 [main] INFO  testcases.TC_ShopFilterPrice_01 - **** Finished TC_ShopFilterPrice_01  ****
23:51:08.156 [main] INFO  testcases.TC_ShopFilterPrice_01 - **** Starting TC_ShopFilterPrice_01  *****
23:51:08.164 [main] DEBUG testcases.TC_ShopFilterPrice_01 - capturing application debug logs....
23:51:10.869 [main] INFO  testcases.TC_ShopFilterPrice_01 - Clicked on shop link
23:51:10.950 [main] ERROR testcases.TC_ShopFilterPrice_01 - test failure..
23:51:10.950 [main] DEBUG testcases.TC_ShopFilterPrice_01 - Application debug logs ends...
23:51:10.950 [main] INFO  testcases.TC_ShopFilterPrice_01 - **** Finished TC_ShopFilterPrice_01  ****
23:57:47.372 [main] INFO  testcases.TC_ShopFilterPrice_01 - **** Starting TC_ShopFilterPrice_01  *****
23:57:47.381 [main] DEBUG testcases.TC_ShopFilterPrice_01 - capturing application debug logs....
