20:41:02.045 [main] INFO  testcases.TC_HomeArrivalAddMoreItem_12 - Clicked on shop link
20:41:03.728 [main] INFO  testcases.TC_HomeArrivalAddMoreItem_12 - Clicked on home link
20:41:03.728 [main] INFO  testcases.TC_HomeArrivalAddMoreItem_12 - Checking total number of Arrivals images and navigation...
20:41:05.582 [main] INFO  testcases.TC_HomeArrivalAddMoreItem_12 - Test passed...
20:41:05.585 [main] INFO  testcases.TC_HomeArrivalAddMoreItem_12 - Clicking on add to basket button...
20:41:07.520 [main] INFO  testcases.TC_HomeArrivalAddMoreItem_12 - Viewing the book in the menu item with price...
20:41:07.690 [main] INFO  testcases.TC_HomeArrivalAddMoreItem_12 - Passed...
20:41:07.691 [main] INFO  testcases.TC_HomeArrivalAddMoreItem_12 - Clicking on menu item link...
20:41:09.064 [main] INFO  testcases.TC_HomeArrivalAddMoreItem_12 - Clicking on textbox under quantity to add more book...
20:41:09.407 [main] INFO  testcases.TC_HomeArrivalAddMoreItem_12 - Clicking on update basket button...
20:41:09.551 [main] INFO  testcases.TC_HomeArrivalAddMoreItem_12 - Validating shopping cart update...
20:41:10.133 [main] INFO  testcases.TC_HomeArrivalAddMoreItem_12 - Shopping cart updated
20:41:10.133 [main] DEBUG testcases.TC_HomeArrivalAddMoreItem_12 - Application debug logs ends...
20:41:10.133 [main] INFO  testcases.TC_HomeArrivalAddMoreItem_12 - **** Finished TC_HomeArrivalAddMoreItem_12  ****
22:27:59.373 [main] INFO  testcases.TC_HomeArrivalCheckTotalPrice_13 - **** Starting TC_HomeArrivalCheckTotalPrice_13  *****
22:27:59.383 [main] DEBUG testcases.TC_HomeArrivalCheckTotalPrice_13 - capturing application debug logs....
22:28:02.878 [main] INFO  testcases.TC_HomeArrivalCheckTotalPrice_13 - Clicked on shop link
22:28:04.909 [main] INFO  testcases.TC_HomeArrivalCheckTotalPrice_13 - Clicked on home link
22:28:04.909 [main] INFO  testcases.TC_HomeArrivalCheckTotalPrice_13 - Checking total number of Arrivals images and navigation...
22:28:07.261 [main] INFO  testcases.TC_HomeArrivalCheckTotalPrice_13 - Test passed...
22:28:07.266 [main] INFO  testcases.TC_HomeArrivalCheckTotalPrice_13 - Clicking on add to basket button...
22:28:08.848 [main] INFO  testcases.TC_HomeArrivalCheckTotalPrice_13 - Viewing the book in the menu item with price...
22:28:08.984 [main] INFO  testcases.TC_HomeArrivalCheckTotalPrice_13 - Passed...
22:28:08.984 [main] INFO  testcases.TC_HomeArrivalCheckTotalPrice_13 - Clicking on menu item link...
22:28:10.555 [main] INFO  testcases.TC_HomeArrivalCheckTotalPrice_13 - Validating total price of the book...
22:28:10.664 [main] ERROR testcases.TC_HomeArrivalCheckTotalPrice_13 - Total price is not ₹500.00
22:31:16.053 [main] INFO  testcases.TC_HomeArrivalCheckTotalPrice_13 - **** Starting TC_HomeArrivalCheckTotalPrice_13  *****
22:31:16.061 [main] DEBUG testcases.TC_HomeArrivalCheckTotalPrice_13 - capturing application debug logs....
22:31:19.361 [main] INFO  testcases.TC_HomeArrivalCheckTotalPrice_13 - Clicked on shop link
22:31:21.900 [main] INFO  testcases.TC_HomeArrivalCheckTotalPrice_13 - Clicked on home link
22:31:21.900 [main] INFO  testcases.TC_HomeArrivalCheckTotalPrice_13 - Checking total number of Arrivals images and navigation...
22:31:23.754 [main] INFO  testcases.TC_HomeArrivalCheckTotalPrice_13 - Test passed...
22:31:23.759 [main] INFO  testcases.TC_HomeArrivalCheckTotalPrice_13 - Clicking on add to basket button...
22:31:25.255 [main] INFO  testcases.TC_HomeArrivalCheckTotalPrice_13 - Viewing the book in the menu item with price...
22:31:25.382 [main] INFO  testcases.TC_HomeArrivalCheckTotalPrice_13 - Passed...
22:31:25.382 [main] INFO  testcases.TC_HomeArrivalCheckTotalPrice_13 - Clicking on menu item link...
22:31:26.905 [main] INFO  testcases.TC_HomeArrivalCheckTotalPrice_13 - Validating total price of the book...
22:31:26.987 [main] ERROR testcases.TC_HomeArrivalCheckTotalPrice_13 - Total price is not ₹500.00
22:33:43.013 [main] INFO  testcases.TC_HomeArrivalCheckTotalPrice_13 - **** Starting TC_HomeArrivalCheckTotalPrice_13  *****
22:33:43.022 [main] DEBUG testcases.TC_HomeArrivalCheckTotalPrice_13 - capturing application debug logs....
22:33:45.320 [main] INFO  testcases.TC_HomeArrivalCheckTotalPrice_13 - Clicked on shop link
22:33:47.011 [main] INFO  testcases.TC_HomeArrivalCheckTotalPrice_13 - Clicked on home link
22:33:47.011 [main] INFO  testcases.TC_HomeArrivalCheckTotalPrice_13 - Checking total number of Arrivals images and navigation...
22:33:48.910 [main] INFO  testcases.TC_HomeArrivalCheckTotalPrice_13 - Test passed...
22:33:48.916 [main] INFO  testcases.TC_HomeArrivalCheckTotalPrice_13 - Clicking on add to basket button...
22:33:50.508 [main] INFO  testcases.TC_HomeArrivalCheckTotalPrice_13 - Viewing the book in the menu item with price...
22:33:50.618 [main] INFO  testcases.TC_HomeArrivalCheckTotalPrice_13 - Passed...
22:33:50.619 [main] INFO  testcases.TC_HomeArrivalCheckTotalPrice_13 - Clicking on menu item link...
22:33:51.878 [main] INFO  testcases.TC_HomeArrivalCheckTotalPrice_13 - Validating total price of the book...
