21:55:00.889 [main] INFO  testcases.TC_ShopFilterPrice_01 - **** Starting TC_ShopFilterPrice_01  *****
21:55:01.114 [main] DEBUG testcases.TC_ShopFilterPrice_01 - capturing application debug logs....
21:55:03.178 [main] INFO  testcases.TC_ShopFilterPrice_01 - Clicked on shop link
21:55:08.290 [main] DEBUG testcases.TC_ShopFilterPrice_01 - Application debug logs ends...
21:55:08.291 [main] INFO  testcases.TC_ShopFilterPrice_01 - **** Finished TC_ShopFilterPrice_01  ****
22:06:41.272 [main] INFO  testcases.TC_ShopFilterPrice_01 - **** Starting TC_ShopFilterPrice_01  *****
22:06:41.279 [main] DEBUG testcases.TC_ShopFilterPrice_01 - capturing application debug logs....
22:06:43.494 [main] INFO  testcases.TC_ShopFilterPrice_01 - Clicked on shop link
22:06:48.599 [main] ERROR testcases.TC_ShopFilterPrice_01 - test failure..
22:06:48.599 [main] DEBUG testcases.TC_ShopFilterPrice_01 - Application debug logs ends...
22:06:48.599 [main] INFO  testcases.TC_ShopFilterPrice_01 - **** Finished TC_ShopFilterPrice_01  ****
22:10:51.990 [main] INFO  testcases.TC_ShopFilterPrice_01 - **** Starting TC_ShopFilterPrice_01  *****
22:10:51.998 [main] DEBUG testcases.TC_ShopFilterPrice_01 - capturing application debug logs....
22:10:54.298 [main] INFO  testcases.TC_ShopFilterPrice_01 - Clicked on shop link
22:10:59.419 [main] ERROR testcases.TC_ShopFilterPrice_01 - test failure..
22:10:59.419 [main] DEBUG testcases.TC_ShopFilterPrice_01 - Application debug logs ends...
22:10:59.419 [main] INFO  testcases.TC_ShopFilterPrice_01 - **** Finished TC_ShopFilterPrice_01  ****
22:15:06.658 [main] INFO  testcases.TC_ShopFilterPrice_01 - **** Starting TC_ShopFilterPrice_01  *****
22:15:06.667 [main] DEBUG testcases.TC_ShopFilterPrice_01 - capturing application debug logs....
22:15:08.819 [main] INFO  testcases.TC_ShopFilterPrice_01 - Clicked on shop link
22:15:14.341 [main] DEBUG testcases.TC_ShopFilterPrice_01 - Application debug logs ends...
22:15:14.342 [main] INFO  testcases.TC_ShopFilterPrice_01 - **** Finished TC_ShopFilterPrice_01  ****
22:17:09.850 [main] INFO  testcases.TC_ShopFilterPrice_01 - **** Starting TC_ShopFilterPrice_01  *****
22:17:09.857 [main] DEBUG testcases.TC_ShopFilterPrice_01 - capturing application debug logs....
22:17:12.101 [main] INFO  testcases.TC_ShopFilterPrice_01 - Clicked on shop link
22:17:12.764 [main] DEBUG testcases.TC_ShopFilterPrice_01 - Application debug logs ends...
22:17:12.765 [main] INFO  testcases.TC_ShopFilterPrice_01 - **** Finished TC_ShopFilterPrice_01  ****
22:18:23.755 [main] INFO  testcases.TC_ShopFilterPrice_01 - **** Starting TC_ShopFilterPrice_01  *****
22:18:23.764 [main] DEBUG testcases.TC_ShopFilterPrice_01 - capturing application debug logs....
22:18:26.083 [main] INFO  testcases.TC_ShopFilterPrice_01 - Clicked on shop link
22:18:26.955 [main] DEBUG testcases.TC_ShopFilterPrice_01 - Application debug logs ends...
22:18:26.955 [main] INFO  testcases.TC_ShopFilterPrice_01 - **** Finished TC_ShopFilterPrice_01  ****
22:21:26.413 [main] INFO  testcases.TC_ShopFilterPrice_01 - **** Starting TC_ShopFilterPrice_01  *****
22:21:26.421 [main] DEBUG testcases.TC_ShopFilterPrice_01 - capturing application debug logs....
22:21:28.849 [main] INFO  testcases.TC_ShopFilterPrice_01 - Clicked on shop link
22:21:32.124 [main] ERROR testcases.TC_ShopFilterPrice_01 - test failure..
22:21:32.125 [main] DEBUG testcases.TC_ShopFilterPrice_01 - Application debug logs ends...
22:21:32.125 [main] INFO  testcases.TC_ShopFilterPrice_01 - **** Finished TC_ShopFilterPrice_01  ****
22:22:16.055 [main] INFO  testcases.TC_ShopFilterPrice_01 - **** Starting TC_ShopFilterPrice_01  *****
22:22:16.072 [main] DEBUG testcases.TC_ShopFilterPrice_01 - capturing application debug logs....
22:22:18.562 [main] INFO  testcases.TC_ShopFilterPrice_01 - Clicked on shop link
22:22:19.309 [main] DEBUG testcases.TC_ShopFilterPrice_01 - Application debug logs ends...
22:22:19.309 [main] INFO  testcases.TC_ShopFilterPrice_01 - **** Finished TC_ShopFilterPrice_01  ****
22:23:36.840 [main] INFO  testcases.TC_ShopFilterPrice_01 - **** Starting TC_ShopFilterPrice_01  *****
22:23:36.847 [main] DEBUG testcases.TC_ShopFilterPrice_01 - capturing application debug logs....
22:23:39.622 [main] INFO  testcases.TC_ShopFilterPrice_01 - Clicked on shop link
22:23:39.897 [main] DEBUG testcases.TC_ShopFilterPrice_01 - Application debug logs ends...
22:23:39.898 [main] INFO  testcases.TC_ShopFilterPrice_01 - **** Finished TC_ShopFilterPrice_01  ****
22:24:39.279 [main] INFO  testcases.TC_ShopFilterPrice_01 - **** Starting TC_ShopFilterPrice_01  *****
22:24:39.289 [main] DEBUG testcases.TC_ShopFilterPrice_01 - capturing application debug logs....
22:24:42.219 [main] INFO  testcases.TC_ShopFilterPrice_01 - Clicked on shop link
22:24:43.006 [main] DEBUG testcases.TC_ShopFilterPrice_01 - Application debug logs ends...
22:24:43.006 [main] INFO  testcases.TC_ShopFilterPrice_01 - **** Finished TC_ShopFilterPrice_01  ****
