23:10:19.337 [main] ERROR testcases.TC_HomePageArrivalsImageNavigationTest_03 - Test failed
23:19:16.141 [main] INFO  testcases.TC_HomePageArrivalsImageNavigationTest_03 - **** Starting TC_HomePageArrivalsImageNavigationTest_03  *****
23:19:16.146 [main] DEBUG testcases.TC_HomePageArrivalsImageNavigationTest_03 - capturing application debug logs....
23:19:19.500 [main] INFO  testcases.TC_HomePageArrivalsImageNavigationTest_03 - Clicked on shop link
23:19:26.475 [main] INFO  testcases.TC_HomePageArrivalsImageNavigationTest_03 - Clicked on home link
23:19:26.475 [main] INFO  testcases.TC_HomePageArrivalsImageNavigationTest_03 - Checking total number of Arrivals...
23:19:26.539 [main] INFO  testcases.TC_HomePageArrivalsImageNavigationTest_03 - Checking Arrivals images navigation...
23:19:28.731 [main] INFO  testcases.TC_HomePageArrivalsImageNavigationTest_03 - Test passed...
23:19:28.757 [main] ERROR testcases.TC_HomePageArrivalsImageNavigationTest_03 - test failure..
23:19:28.757 [main] DEBUG testcases.TC_HomePageArrivalsImageNavigationTest_03 - Application debug logs ends...
23:19:28.757 [main] INFO  testcases.TC_HomePageArrivalsImageNavigationTest_03 - **** Finished TC_HomePageArrivalsImageNavigationTest_03  ****
23:23:26.613 [main] INFO  testcases.TC_HomePageArrivalsImageNavigationTest_03 - **** Starting TC_HomePageArrivalsImageNavigationTest_03  *****
23:23:26.622 [main] DEBUG testcases.TC_HomePageArrivalsImageNavigationTest_03 - capturing application debug logs....
23:23:28.933 [main] INFO  testcases.TC_HomePageArrivalsImageNavigationTest_03 - Clicked on shop link
23:23:35.528 [main] INFO  testcases.TC_HomePageArrivalsImageNavigationTest_03 - Clicked on home link
23:23:35.528 [main] INFO  testcases.TC_HomePageArrivalsImageNavigationTest_03 - Checking total number of Arrivals...
23:23:35.576 [main] INFO  testcases.TC_HomePageArrivalsImageNavigationTest_03 - Checking Arrivals images navigation...
23:23:37.734 [main] INFO  testcases.TC_HomePageArrivalsImageNavigationTest_03 - Test passed...
23:23:37.736 [main] DEBUG testcases.TC_HomePageArrivalsImageNavigationTest_03 - Application debug logs ends...
23:23:37.737 [main] INFO  testcases.TC_HomePageArrivalsImageNavigationTest_03 - **** Finished TC_HomePageArrivalsImageNavigationTest_03  ****
23:30:59.607 [main] INFO  testcases.TC_HomePageArrivalsImageNavigationTest_03 - **** Starting TC_HomePageArrivalsImageNavigationTest_03  *****
23:30:59.613 [main] DEBUG testcases.TC_HomePageArrivalsImageNavigationTest_03 - capturing application debug logs....
23:31:02.411 [main] INFO  testcases.TC_HomePageArrivalsImageNavigationTest_03 - Clicked on shop link
23:31:11.457 [main] INFO  testcases.TC_HomePageArrivalsImageNavigationTest_03 - Clicked on home link
23:31:11.457 [main] INFO  testcases.TC_HomePageArrivalsImageNavigationTest_03 - Checking total number of Arrivals...
23:31:11.494 [main] INFO  testcases.TC_HomePageArrivalsImageNavigationTest_03 - Checking Arrivals images navigation...
23:31:13.501 [main] INFO  testcases.TC_HomePageArrivalsImageNavigationTest_03 - Test passed...
23:31:13.507 [main] DEBUG testcases.TC_HomePageArrivalsImageNavigationTest_03 - Application debug logs ends...
23:31:13.508 [main] INFO  testcases.TC_HomePageArrivalsImageNavigationTest_03 - **** Finished TC_HomePageArrivalsImageNavigationTest_03  ****
23:32:50.247 [main] INFO  testcases.TC_HomePageArrivalsImageNavigationTest_03 - **** Starting TC_HomePageArrivalsImageNavigationTest_03  *****
23:32:50.255 [main] DEBUG testcases.TC_HomePageArrivalsImageNavigationTest_03 - capturing application debug logs....
23:32:52.429 [main] INFO  testcases.TC_HomePageArrivalsImageNavigationTest_03 - Clicked on shop link
23:32:59.278 [main] INFO  testcases.TC_HomePageArrivalsImageNavigationTest_03 - Clicked on home link
23:32:59.278 [main] INFO  testcases.TC_HomePageArrivalsImageNavigationTest_03 - Checking total number of Arrivals...
23:32:59.328 [main] INFO  testcases.TC_HomePageArrivalsImageNavigationTest_03 - Checking Arrivals images navigation...
23:32:59.363 [main] ERROR testcases.TC_HomePageArrivalsImageNavigationTest_03 - Test failed
23:40:38.287 [main] INFO  testcases.TC_HomePageArrivalsImageNavigationTest_03 - **** Starting TC_HomePageArrivalsImageNavigationTest_03  *****
23:40:38.295 [main] DEBUG testcases.TC_HomePageArrivalsImageNavigationTest_03 - capturing application debug logs....
23:40:40.598 [main] INFO  testcases.TC_HomePageArrivalsImageNavigationTest_03 - Clicked on shop link
23:40:47.176 [main] INFO  testcases.TC_HomePageArrivalsImageNavigationTest_03 - Clicked on home link
23:40:47.177 [main] INFO  testcases.TC_HomePageArrivalsImageNavigationTest_03 - Checking total number of Arrivals images and navigation...
23:40:48.997 [main] INFO  testcases.TC_HomePageArrivalsImageNavigationTest_03 - Test passed...
23:40:49.026 [main] ERROR testcases.TC_HomePageArrivalsImageNavigationTest_03 - test failure..
23:40:49.026 [main] DEBUG testcases.TC_HomePageArrivalsImageNavigationTest_03 - Application debug logs ends...
