22:35:44.562 [main] INFO  testcases.TC_HomeArrivalCheckTotalAndSubtotalValues_15 - Clicked on shop link
22:35:50.924 [main] INFO  testcases.TC_HomeArrivalCheckTotalAndSubtotalValues_15 - Clicked on home link
22:35:50.924 [main] INFO  testcases.TC_HomeArrivalCheckTotalAndSubtotalValues_15 - Checking total number of Arrivals images and navigation...
22:35:52.898 [main] INFO  testcases.TC_HomeArrivalCheckTotalAndSubtotalValues_15 - Test passed...
22:35:52.901 [main] INFO  testcases.TC_HomeArrivalCheckTotalAndSubtotalValues_15 - Clicking on add to basket button...
22:35:54.814 [main] INFO  testcases.TC_HomeArrivalCheckTotalAndSubtotalValues_15 - Clicking on view basket button...
22:35:58.644 [main] INFO  testcases.TC_HomeArrivalCheckTotalAndSubtotalValues_15 - Viewing product price...
22:35:58.710 [main] INFO  testcases.TC_HomeArrivalCheckTotalAndSubtotalValues_15 - price is ₹500.00 
22:38:11.539 [main] INFO  testcases.TC_HomeArrivalCheckTotalAndSubtotalValues_15 - **** Starting TC_HomeArrivalCheckTotalAndSubtotalValues_15  *****
22:38:11.547 [main] DEBUG testcases.TC_HomeArrivalCheckTotalAndSubtotalValues_15 - capturing application debug logs....
22:38:16.536 [main] INFO  testcases.TC_HomeArrivalCheckTotalAndSubtotalValues_15 - Clicked on shop link
22:38:21.283 [main] INFO  testcases.TC_HomeArrivalCheckTotalAndSubtotalValues_15 - Clicked on home link
22:38:21.283 [main] INFO  testcases.TC_HomeArrivalCheckTotalAndSubtotalValues_15 - Checking total number of Arrivals images and navigation...
22:38:23.317 [main] INFO  testcases.TC_HomeArrivalCheckTotalAndSubtotalValues_15 - Test passed...
22:38:23.321 [main] INFO  testcases.TC_HomeArrivalCheckTotalAndSubtotalValues_15 - Clicking on add to basket button...
22:38:25.015 [main] INFO  testcases.TC_HomeArrivalCheckTotalAndSubtotalValues_15 - Clicking on view basket button...
22:38:27.061 [main] INFO  testcases.TC_HomeArrivalCheckTotalAndSubtotalValues_15 - Viewing product price...
22:38:27.176 [main] INFO  testcases.TC_HomeArrivalCheckTotalAndSubtotalValues_15 - price is ₹500.00 
22:38:27.176 [main] INFO  testcases.TC_HomeArrivalCheckTotalAndSubtotalValues_15 - Verify that total is greater than subtotal...
22:46:42.108 [main] INFO  testcases.TC_HomeArrivalCheckTotalAndSubtotalValues_15 - **** Starting TC_HomeArrivalCheckTotalAndSubtotalValues_15  *****
22:46:42.113 [main] DEBUG testcases.TC_HomeArrivalCheckTotalAndSubtotalValues_15 - capturing application debug logs....
22:46:45.574 [main] INFO  testcases.TC_HomeArrivalCheckTotalAndSubtotalValues_15 - Clicked on shop link
22:46:51.015 [main] INFO  testcases.TC_HomeArrivalCheckTotalAndSubtotalValues_15 - Clicked on home link
22:46:51.015 [main] INFO  testcases.TC_HomeArrivalCheckTotalAndSubtotalValues_15 - Checking total number of Arrivals images and navigation...
22:46:53.374 [main] INFO  testcases.TC_HomeArrivalCheckTotalAndSubtotalValues_15 - Test passed...
22:46:53.379 [main] INFO  testcases.TC_HomeArrivalCheckTotalAndSubtotalValues_15 - Clicking on add to basket button...
22:46:55.215 [main] INFO  testcases.TC_HomeArrivalCheckTotalAndSubtotalValues_15 - Clicking on view basket button...
22:46:56.757 [main] INFO  testcases.TC_HomeArrivalCheckTotalAndSubtotalValues_15 - Viewing product price...
22:46:56.826 [main] INFO  testcases.TC_HomeArrivalCheckTotalAndSubtotalValues_15 - price is ₹500.00 
22:46:56.826 [main] INFO  testcases.TC_HomeArrivalCheckTotalAndSubtotalValues_15 - Verify that total is greater than subtotal...
22:46:56.956 [main] INFO  testcases.TC_HomeArrivalCheckTotalAndSubtotalValues_15 - Pass
22:46:56.956 [main] DEBUG testcases.TC_HomeArrivalCheckTotalAndSubtotalValues_15 - Application debug logs ends...
22:46:56.956 [main] INFO  testcases.TC_HomeArrivalCheckTotalAndSubtotalValues_15 - **** Finished TC_HomeArrivalCheckTotalAndSubtotalValues_15  ****
22:57:55.721 [main] INFO  testcases.TC_HomeArrivalCheckTotalAndSubtotalValues_15 - **** Starting TC_HomeArrivalCheckTotalAndSubtotalValues_15  *****
22:57:55.826 [main] DEBUG testcases.TC_HomeArrivalCheckTotalAndSubtotalValues_15 - capturing application debug logs....
22:57:58.885 [main] INFO  testcases.TC_HomeArrivalCheckTotalAndSubtotalValues_15 - Clicked on shop link
22:58:04.542 [main] INFO  testcases.TC_HomeArrivalCheckTotalAndSubtotalValues_15 - Clicked on home link
22:58:04.543 [main] INFO  testcases.TC_HomeArrivalCheckTotalAndSubtotalValues_15 - Checking total number of Arrivals images and navigation...
22:58:06.588 [main] INFO  testcases.TC_HomeArrivalCheckTotalAndSubtotalValues_15 - Test passed...
22:58:06.591 [main] INFO  testcases.TC_HomeArrivalCheckTotalAndSubtotalValues_15 - Clicking on add to basket button...
22:58:08.566 [main] INFO  testcases.TC_HomeArrivalCheckTotalAndSubtotalValues_15 - Clicking on view basket button...
22:58:10.434 [main] INFO  testcases.TC_HomeArrivalCheckTotalAndSubtotalValues_15 - Viewing product price...
22:58:10.523 [main] INFO  testcases.TC_HomeArrivalCheckTotalAndSubtotalValues_15 - price is ₹500.00 
