00:25:50.112 [main] INFO  testcases.TC_ShopViewBasketTaxFuctionality_12b - Clicking on checkout button...
00:25:52.207 [main] INFO  testcases.TC_ShopViewBasketTaxFuctionality_12b - Fill the billing details form...
00:26:03.976 [main] ERROR testcases.TC_ShopViewBasketTaxFuctionality_12b - test failure..
00:26:03.976 [main] DEBUG testcases.TC_ShopViewBasketTaxFuctionality_12b - Application debug logs ends...
00:26:03.977 [main] INFO  testcases.TC_ShopViewBasketTaxFuctionality_12b - **** Finished TC_ShopViewBasketTaxFuctionality_12b  ****
00:28:35.686 [main] INFO  testcases.TC_ShopViewBasketTaxFuctionality_12b - **** Starting TC_ShopViewBasketTaxFuctionality_12b  *****
00:28:35.737 [main] DEBUG testcases.TC_ShopViewBasketTaxFuctionality_12b - capturing application debug logs....
00:28:39.970 [main] INFO  testcases.TC_ShopViewBasketTaxFuctionality_12b - Clicked on shop link
00:28:40.024 [main] INFO  testcases.TC_ShopViewBasketTaxFuctionality_12b - Clicking on add to basket button...
00:28:40.441 [main] INFO  testcases.TC_ShopViewBasketTaxFuctionality_12b - Viewing book in the menu item with price...
00:28:40.896 [main] INFO  testcases.TC_ShopViewBasketTaxFuctionality_12b - pass
00:28:40.903 [main] INFO  testcases.TC_ShopViewBasketTaxFuctionality_12b - Clicking on item link...
00:28:42.659 [main] INFO  testcases.TC_ShopViewBasketTaxFuctionality_12b - Checking if total < subtotal
00:28:42.781 [main] INFO  testcases.TC_ShopViewBasketTaxFuctionality_12b - Passed
00:28:42.781 [main] INFO  testcases.TC_ShopViewBasketTaxFuctionality_12b - Clicking on checkout button...
00:28:44.980 [main] INFO  testcases.TC_ShopViewBasketTaxFuctionality_12b - Fill the billing details form...
00:28:56.596 [main] ERROR testcases.TC_ShopViewBasketTaxFuctionality_12b - test failure..
00:28:56.596 [main] DEBUG testcases.TC_ShopViewBasketTaxFuctionality_12b - Application debug logs ends...
00:28:56.596 [main] INFO  testcases.TC_ShopViewBasketTaxFuctionality_12b - **** Finished TC_ShopViewBasketTaxFuctionality_12b  ****
00:42:19.958 [main] INFO  testcases.TC_ShopViewBasketTaxFuctionality_12b - **** Starting TC_ShopViewBasketTaxFuctionality_12b  *****
00:42:19.970 [main] DEBUG testcases.TC_ShopViewBasketTaxFuctionality_12b - capturing application debug logs....
00:42:22.073 [main] INFO  testcases.TC_ShopViewBasketTaxFuctionality_12b - Clicked on shop link
00:42:22.151 [main] INFO  testcases.TC_ShopViewBasketTaxFuctionality_12b - Clicking on add to basket button...
00:42:22.365 [main] INFO  testcases.TC_ShopViewBasketTaxFuctionality_12b - Viewing book in the menu item with price...
00:42:22.740 [main] INFO  testcases.TC_ShopViewBasketTaxFuctionality_12b - pass
00:42:22.744 [main] INFO  testcases.TC_ShopViewBasketTaxFuctionality_12b - Clicking on item link...
00:42:24.438 [main] INFO  testcases.TC_ShopViewBasketTaxFuctionality_12b - Checking if total < subtotal
00:42:24.774 [main] INFO  testcases.TC_ShopViewBasketTaxFuctionality_12b - Passed
00:42:24.774 [main] INFO  testcases.TC_ShopViewBasketTaxFuctionality_12b - Clicking on checkout button...
00:42:26.545 [main] INFO  testcases.TC_ShopViewBasketTaxFuctionality_12b - Fill the billing details form...
00:42:28.706 [main] INFO  testcases.TC_ShopViewBasketTaxFuctionality_12b - Checking tax amount for India...
00:42:28.752 [main] INFO  testcases.TC_ShopViewBasketTaxFuctionality_12b - Tax rate calculation is correct
00:42:28.752 [main] DEBUG testcases.TC_ShopViewBasketTaxFuctionality_12b - Application debug logs ends...
00:42:28.752 [main] INFO  testcases.TC_ShopViewBasketTaxFuctionality_12b - **** Finished TC_ShopViewBasketTaxFuctionality_12b  ****
00:44:00.562 [main] INFO  testcases.TC_ShopViewBasketTaxFuctionality_12b - **** Starting TC_ShopViewBasketTaxFuctionality_12b  *****
00:44:00.569 [main] DEBUG testcases.TC_ShopViewBasketTaxFuctionality_12b - capturing application debug logs....
00:44:03.536 [main] INFO  testcases.TC_ShopViewBasketTaxFuctionality_12b - Clicked on shop link
00:44:03.590 [main] INFO  testcases.TC_ShopViewBasketTaxFuctionality_12b - Clicking on add to basket button...
00:44:03.876 [main] INFO  testcases.TC_ShopViewBasketTaxFuctionality_12b - Viewing book in the menu item with price...
00:44:04.235 [main] INFO  testcases.TC_ShopViewBasketTaxFuctionality_12b - pass
00:44:04.239 [main] INFO  testcases.TC_ShopViewBasketTaxFuctionality_12b - Clicking on item link...
00:44:05.639 [main] INFO  testcases.TC_ShopViewBasketTaxFuctionality_12b - Checking if total < subtotal
00:44:05.856 [main] INFO  testcases.TC_ShopViewBasketTaxFuctionality_12b - Passed
00:44:05.857 [main] INFO  testcases.TC_ShopViewBasketTaxFuctionality_12b - Clicking on checkout button...
00:44:07.281 [main] INFO  testcases.TC_ShopViewBasketTaxFuctionality_12b - Fill the billing details form...
00:44:19.679 [main] ERROR testcases.TC_ShopViewBasketTaxFuctionality_12b - test failure..
00:44:19.679 [main] DEBUG testcases.TC_ShopViewBasketTaxFuctionality_12b - Application debug logs ends...
