21:28:26.175 [main] INFO  testcases.TC_HomeArrivalBillingDetails_17 - price is ₹500.00 
21:28:26.195 [main] INFO  testcases.TC_HomeArrivalBillingDetails_17 - Verify that total value is greater than subtotal value...
21:28:26.293 [main] INFO  testcases.TC_HomeArrivalBillingDetails_17 - Pass
21:28:26.294 [main] INFO  testcases.TC_HomeArrivalBillingDetails_17 - Clicking on checkout button...
21:28:29.213 [main] INFO  testcases.TC_HomeArrivalBillingDetails_17 - Viewing the order, billing and additional details...
21:28:29.422 [main] INFO  testcases.TC_HomeArrivalBillingDetails_17 - Successful
21:28:29.428 [main] INFO  testcases.TC_HomeArrivalBillingDetails_17 - Fill the billing details form...
21:28:30.931 [main] ERROR testcases.TC_HomeArrivalBillingDetails_17 - test failure..
21:28:30.931 [main] DEBUG testcases.TC_HomeArrivalBillingDetails_17 - Application debug logs ends...
21:28:30.932 [main] INFO  testcases.TC_HomeArrivalBillingDetails_17 - **** Finished TC_HomeArrivalBillingDetails_17  ****
21:31:29.574 [main] INFO  testcases.TC_HomeArrivalBillingDetails_17 - **** Starting TC_HomeArrivalBillingDetails_17  *****
21:31:29.579 [main] DEBUG testcases.TC_HomeArrivalBillingDetails_17 - capturing application debug logs....
21:31:31.920 [main] INFO  testcases.TC_HomeArrivalBillingDetails_17 - Clicked on shop link
21:31:36.672 [main] INFO  testcases.TC_HomeArrivalBillingDetails_17 - Clicked on home link
21:31:36.672 [main] INFO  testcases.TC_HomeArrivalBillingDetails_17 - Checking total number of Arrivals images and navigation...
21:31:38.395 [main] INFO  testcases.TC_HomeArrivalBillingDetails_17 - Test passed...
21:31:38.400 [main] INFO  testcases.TC_HomeArrivalBillingDetails_17 - Clicking on add to basket button...
21:31:40.002 [main] INFO  testcases.TC_HomeArrivalBillingDetails_17 - Clicking on view basket button...
21:31:41.353 [main] INFO  testcases.TC_HomeArrivalBillingDetails_17 - Viewing product price...
21:31:41.423 [main] INFO  testcases.TC_HomeArrivalBillingDetails_17 - price is ₹500.00 
21:31:41.424 [main] INFO  testcases.TC_HomeArrivalBillingDetails_17 - Verify that total value is greater than subtotal value...
21:31:41.548 [main] INFO  testcases.TC_HomeArrivalBillingDetails_17 - Pass
21:31:41.548 [main] INFO  testcases.TC_HomeArrivalBillingDetails_17 - Clicking on checkout button...
21:31:43.857 [main] INFO  testcases.TC_HomeArrivalBillingDetails_17 - Viewing the order, billing and additional details...
21:31:44.214 [main] INFO  testcases.TC_HomeArrivalBillingDetails_17 - Successful
21:31:44.214 [main] INFO  testcases.TC_HomeArrivalBillingDetails_17 - Fill the billing details form...
21:32:00.244 [main] ERROR testcases.TC_HomeArrivalBillingDetails_17 - test failure..
21:32:00.245 [main] DEBUG testcases.TC_HomeArrivalBillingDetails_17 - Application debug logs ends...
21:32:00.245 [main] INFO  testcases.TC_HomeArrivalBillingDetails_17 - **** Finished TC_HomeArrivalBillingDetails_17  ****
21:34:28.790 [main] INFO  testcases.TC_HomeArrivalBillingDetails_17 - **** Starting TC_HomeArrivalBillingDetails_17  *****
21:34:28.804 [main] DEBUG testcases.TC_HomeArrivalBillingDetails_17 - capturing application debug logs....
21:34:30.917 [main] INFO  testcases.TC_HomeArrivalBillingDetails_17 - Clicked on shop link
21:34:35.690 [main] INFO  testcases.TC_HomeArrivalBillingDetails_17 - Clicked on home link
21:34:35.690 [main] INFO  testcases.TC_HomeArrivalBillingDetails_17 - Checking total number of Arrivals images and navigation...
21:34:37.998 [main] INFO  testcases.TC_HomeArrivalBillingDetails_17 - Test passed...
21:34:38.005 [main] INFO  testcases.TC_HomeArrivalBillingDetails_17 - Clicking on add to basket button...
21:34:39.610 [main] INFO  testcases.TC_HomeArrivalBillingDetails_17 - Clicking on view basket button...
21:34:41.153 [main] INFO  testcases.TC_HomeArrivalBillingDetails_17 - Viewing product price...
21:34:41.243 [main] INFO  testcases.TC_HomeArrivalBillingDetails_17 - price is ₹500.00 
21:34:41.244 [main] INFO  testcases.TC_HomeArrivalBillingDetails_17 - Verify that total value is greater than subtotal value...
21:34:41.342 [main] INFO  testcases.TC_HomeArrivalBillingDetails_17 - Pass
21:34:41.342 [main] INFO  testcases.TC_HomeArrivalBillingDetails_17 - Clicking on checkout button...
21:34:43.923 [main] INFO  testcases.TC_HomeArrivalBillingDetails_17 - Viewing the order, billing and additional details...
21:34:44.431 [main] INFO  testcases.TC_HomeArrivalBillingDetails_17 - Successful
21:34:44.432 [main] INFO  testcases.TC_HomeArrivalBillingDetails_17 - Fill the billing details form...
21:34:47.021 [main] INFO  testcases.TC_HomeArrivalBillingDetails_17 - Selecting payment method...
21:34:47.131 [main] DEBUG testcases.TC_HomeArrivalBillingDetails_17 - Application debug logs ends...
21:34:47.132 [main] INFO  testcases.TC_HomeArrivalBillingDetails_17 - **** Finished TC_HomeArrivalBillingDetails_17  ****
22:45:19.433 [main] INFO  testcases.TC_HomeArrivalBillingDetails_17 - **** Starting TC_HomeArrivalBillingDetails_17  *****
