21:26:30.609 [main] INFO  testcases.TC_MyAccountOrders_03 - Clicking on view...
21:26:32.536 [main] INFO  testcases.TC_MyAccountOrders_03 - Validating that user can view their order, customer and billing details...
21:26:32.848 [main] INFO  testcases.TC_MyAccountOrders_03 - user can view order details
21:26:32.848 [main] DEBUG testcases.TC_MyAccountOrders_03 - Application debug logs ends...
21:26:32.848 [main] INFO  testcases.TC_MyAccountOrders_03 - **** Finished TC_MyAccountOrders_03  ****
21:29:05.868 [main] INFO  testcases.TC_MyAccountOrders_04 - **** Starting TC_MyAccountOrders_04  *****
21:29:05.901 [main] DEBUG testcases.TC_MyAccountOrders_04 - capturing application debug logs....
21:29:07.451 [main] INFO  testcases.TC_MyAccountOrders_04 - Clicked on my account menu
21:29:07.451 [main] INFO  testcases.TC_MyAccountOrders_04 - Entering registered username and password ..
21:29:09.471 [main] INFO  testcases.TC_MyAccountOrders_04 - clicked on login button..
21:29:09.472 [main] INFO  testcases.TC_MyAccountOrders_04 - Checking if login is successful..
21:29:09.559 [main] INFO  testcases.TC_MyAccountOrders_04 - Login is successful
21:29:09.564 [main] INFO  testcases.TC_MyAccountOrders_04 - Clicking on my account link and orders link..
21:29:12.550 [main] INFO  testcases.TC_MyAccountOrders_04 - Clicking on view button...
21:29:14.117 [main] INFO  testcases.TC_MyAccountOrders_04 - Validating that user can view order number, ordered date and status of the order...
21:29:14.165 [main] INFO  testcases.TC_MyAccountOrders_04 - Test passed...
21:29:14.166 [main] DEBUG testcases.TC_MyAccountOrders_04 - Application debug logs ends...
21:29:14.166 [main] INFO  testcases.TC_MyAccountOrders_04 - **** Finished TC_MyAccountOrders_04  ****
21:32:33.276 [main] INFO  testcases.TC_MyAccountAddress_05 - **** Starting TC_MyAccountAddress_05  *****
21:32:33.284 [main] DEBUG testcases.TC_MyAccountAddress_05 - capturing application debug logs....
21:32:34.839 [main] INFO  testcases.TC_MyAccountAddress_05 - Clicked on my account menu
21:32:34.839 [main] INFO  testcases.TC_MyAccountAddress_05 - Entering registered username and password ..
21:32:36.897 [main] INFO  testcases.TC_MyAccountAddress_05 - clicked on login button..
21:32:36.898 [main] INFO  testcases.TC_MyAccountAddress_05 - Checking if login is successful..
21:32:37.015 [main] INFO  testcases.TC_MyAccountAddress_05 - Login is successful
21:32:37.020 [main] INFO  testcases.TC_MyAccountAddress_05 - Clicking on my account link..
21:32:38.538 [main] INFO  testcases.TC_MyAccountAddress_05 - Clicking on address link..
21:32:40.296 [main] INFO  testcases.TC_MyAccountAddress_05 - Validating that user can view billing and shipping address...
21:32:40.464 [main] INFO  testcases.TC_MyAccountAddress_05 - Test passed...
21:32:40.464 [main] DEBUG testcases.TC_MyAccountAddress_05 - Application debug logs ends...
21:32:40.465 [main] INFO  testcases.TC_MyAccountAddress_05 - **** Finished TC_MyAccountAddress_05  ****
21:37:00.512 [main] INFO  testcases.TC_MyAccountAddress_06 - **** Starting TC_MyAccountAddress_06  *****
21:37:00.521 [main] DEBUG testcases.TC_MyAccountAddress_06 - capturing application debug logs....
21:37:02.261 [main] INFO  testcases.TC_MyAccountAddress_06 - Clicked on my account menu
21:37:02.261 [main] INFO  testcases.TC_MyAccountAddress_06 - Entering registered username and password ..
21:37:04.445 [main] INFO  testcases.TC_MyAccountAddress_06 - clicked on login button..
21:37:04.445 [main] INFO  testcases.TC_MyAccountAddress_06 - Checking if login is successful..
21:37:04.539 [main] INFO  testcases.TC_MyAccountAddress_06 - Login is successful
21:37:04.542 [main] INFO  testcases.TC_MyAccountAddress_06 - Clicking on my account link..
21:37:05.708 [main] INFO  testcases.TC_MyAccountAddress_06 - Clicking on address link..
21:37:07.075 [main] INFO  testcases.TC_MyAccountAddress_06 - Clicking on edit on shipping address...
21:37:08.631 [main] INFO  testcases.TC_MyAccountAddress_06 - Editing shipping address...
21:37:11.154 [main] INFO  testcases.TC_MyAccountAddress_06 - Validating that shipping address is changed...
21:37:11.237 [main] INFO  testcases.TC_MyAccountAddress_06 - Test passed...
21:37:11.237 [main] DEBUG testcases.TC_MyAccountAddress_06 - Application debug logs ends...
21:37:11.237 [main] INFO  testcases.TC_MyAccountAddress_06 - **** Finished TC_MyAccountAddress_06  ****
21:40:59.664 [main] INFO  testcases.TC_MyAccount_AccountDetails_07 - **** Starting TC_MyAccount_AccountDetails_07  *****
21:40:59.688 [main] DEBUG testcases.TC_MyAccount_AccountDetails_07 - capturing application debug logs....
21:41:01.882 [main] INFO  testcases.TC_MyAccount_AccountDetails_07 - Clicked on my account menu
21:41:01.883 [main] INFO  testcases.TC_MyAccount_AccountDetails_07 - Entering registered username and password ..
21:41:03.824 [main] INFO  testcases.TC_MyAccount_AccountDetails_07 - clicked on login button..
21:41:03.825 [main] INFO  testcases.TC_MyAccount_AccountDetails_07 - Checking if login is successful..
