20:18:00.221 [main] DEBUG testcases.TC_HomePageArrivalsImageAddToBasketWithPrice_06 - capturing application debug logs....
20:18:02.611 [main] INFO  testcases.TC_HomePageArrivalsImageAddToBasketWithPrice_06 - Clicked on shop link
20:18:09.539 [main] INFO  testcases.TC_HomePageArrivalsImageAddToBasketWithPrice_06 - Clicked on home link
20:18:09.539 [main] INFO  testcases.TC_HomePageArrivalsImageAddToBasketWithPrice_06 - Checking total number of Arrivals images and navigation...
20:18:11.498 [main] INFO  testcases.TC_HomePageArrivalsImageAddToBasketWithPrice_06 - Test passed...
20:18:11.502 [main] INFO  testcases.TC_HomePageArrivalsImageAddToBasketWithPrice_06 - Clicking on add to basket button...
20:18:13.355 [main] INFO  testcases.TC_HomePageArrivalsImageAddToBasketWithPrice_06 - Clicking on view basket button...
20:18:14.988 [main] INFO  testcases.TC_HomePageArrivalsImageAddToBasketWithPrice_06 - Viewing product price...
20:18:15.106 [main] INFO  testcases.TC_HomePageArrivalsImageAddToBasketWithPrice_06 - price is ₹500.00 
20:18:15.107 [main] DEBUG testcases.TC_HomePageArrivalsImageAddToBasketWithPrice_06 - Application debug logs ends...
20:18:15.108 [main] INFO  testcases.TC_HomePageArrivalsImageAddToBasketWithPrice_06 - **** Finished TC_HomePageArrivalsImageAddToBasketWithPrice_06  ****
22:49:24.786 [main] INFO  testcases.TC_HomeArrivalCheckout_08 - **** Starting TC_HomeArrivalCheckout_08  *****
22:49:24.793 [main] DEBUG testcases.TC_HomeArrivalCheckout_08 - capturing application debug logs....
22:49:27.820 [main] INFO  testcases.TC_HomeArrivalCheckout_08 - Clicked on shop link
22:49:34.663 [main] INFO  testcases.TC_HomeArrivalCheckout_08 - Clicked on home link
22:49:34.663 [main] INFO  testcases.TC_HomeArrivalCheckout_08 - Checking total number of Arrivals images and navigation...
22:49:36.582 [main] INFO  testcases.TC_HomeArrivalCheckout_08 - Test passed...
22:49:36.586 [main] INFO  testcases.TC_HomeArrivalCheckout_08 - Clicking on add to basket button...
22:49:38.447 [main] INFO  testcases.TC_HomeArrivalCheckout_08 - Clicking on view basket button...
22:49:40.035 [main] INFO  testcases.TC_HomeArrivalCheckout_08 - Viewing product price...
22:49:40.136 [main] INFO  testcases.TC_HomeArrivalCheckout_08 - price is ₹500.00 
22:49:42.081 [main] DEBUG testcases.TC_HomeArrivalCheckout_08 - Application debug logs ends...
22:49:42.081 [main] INFO  testcases.TC_HomeArrivalCheckout_08 - **** Finished TC_HomePageArrivalsImageAddToBasketWithPrice_06  ****
23:17:49.625 [main] INFO  testcases.TC_HomeArrivalCheckout_08 - **** Starting TC_HomeArrivalCheckout_08  *****
23:17:49.635 [main] DEBUG testcases.TC_HomeArrivalCheckout_08 - capturing application debug logs....
23:17:52.023 [main] INFO  testcases.TC_HomeArrivalCheckout_08 - Clicked on shop link
23:17:58.866 [main] INFO  testcases.TC_HomeArrivalCheckout_08 - Clicked on home link
23:17:58.867 [main] INFO  testcases.TC_HomeArrivalCheckout_08 - Checking total number of Arrivals images and navigation...
23:18:00.923 [main] INFO  testcases.TC_HomeArrivalCheckout_08 - Test passed...
23:18:00.927 [main] INFO  testcases.TC_HomeArrivalCheckout_08 - Clicking on add to basket button...
23:18:02.918 [main] INFO  testcases.TC_HomeArrivalCheckout_08 - Clicking on view basket button...
23:18:04.807 [main] INFO  testcases.TC_HomeArrivalCheckout_08 - Viewing product price...
23:18:04.910 [main] INFO  testcases.TC_HomeArrivalCheckout_08 - price is ₹500.00 
23:18:04.911 [main] INFO  testcases.TC_HomeArrivalCheckout_08 - Clicking on checkout button...
23:18:06.627 [main] INFO  testcases.TC_HomeArrivalCheckout_08 - Validating checkout page...
23:18:06.719 [main] INFO  testcases.TC_HomeArrivalCheckout_08 - Pass
23:18:06.720 [main] DEBUG testcases.TC_HomeArrivalCheckout_08 - Application debug logs ends...
23:18:06.720 [main] INFO  testcases.TC_HomeArrivalCheckout_08 - **** Finished TC_HomePageArrivalsImageAddToBasketWithPrice_06  ****
23:21:10.638 [main] INFO  testcases.TC_HomePageSlidersTest_01 - **** Starting TC_HomePageSlidersTest_01  *****
23:21:10.644 [main] DEBUG testcases.TC_HomePageSlidersTest_01 - capturing application debug logs....
23:21:15.882 [main] INFO  testcases.TC_HomePageSlidersTest_01 - Clicked on shop link
23:21:23.463 [main] INFO  testcases.TC_HomePageSlidersTest_01 - Clicked on home link
23:21:23.464 [main] INFO  testcases.TC_HomePageSlidersTest_01 - Checking number of sliders...
23:21:23.508 [main] INFO  testcases.TC_HomePageSlidersTest_01 - Test passed...
23:21:23.514 [main] DEBUG testcases.TC_HomePageSlidersTest_01 - Application debug logs ends...
23:21:23.517 [main] INFO  testcases.TC_HomePageSlidersTest_01 - **** Finished TC_HomePageSlidersTest_01  ****
23:21:45.286 [main] INFO  testcases.TC_HomePageArrivalsTest_02 - **** Starting TC_HomePageArrivalsTest_02  *****
23:21:45.287 [main] DEBUG testcases.TC_HomePageArrivalsTest_02 - capturing application debug logs....
23:21:49.182 [main] INFO  testcases.TC_HomePageArrivalsTest_02 - Clicked on shop link
