18:05:33.413 [main] INFO  testcases.TC_MyAccountAddress_06 - Clicked on my account menu
18:05:33.510 [main] INFO  testcases.TC_MyAccountAddress_06 - Entering registered username and password ..
18:05:35.948 [main] INFO  testcases.TC_MyAccountAddress_06 - clicked on login button..
18:05:35.949 [main] INFO  testcases.TC_MyAccountAddress_06 - Checking if login is successful..
18:05:36.016 [main] INFO  testcases.TC_MyAccountAddress_06 - Login is successful
18:05:36.022 [main] INFO  testcases.TC_MyAccountAddress_06 - Clicking on my account link..
18:05:37.234 [main] INFO  testcases.TC_MyAccountAddress_06 - Clicking on address link..
18:05:38.977 [main] INFO  testcases.TC_MyAccountAddress_06 - Clicking on edit on shipping address...
18:05:41.067 [main] INFO  testcases.TC_MyAccountAddress_06 - Editing shipping address...
18:05:43.287 [main] INFO  testcases.TC_MyAccountAddress_06 - Validating that shipping address is changed...
18:05:53.377 [main] ERROR testcases.TC_MyAccountAddress_06 - test failure..
18:05:53.377 [main] DEBUG testcases.TC_MyAccountAddress_06 - Application debug logs ends...
18:05:53.377 [main] INFO  testcases.TC_MyAccountAddress_06 - **** Finished TC_MyAccountAddress_06  ****
18:07:20.157 [main] INFO  testcases.TC_MyAccountAddress_06 - **** Starting TC_MyAccountAddress_06  *****
18:07:20.162 [main] DEBUG testcases.TC_MyAccountAddress_06 - capturing application debug logs....
18:07:23.286 [main] INFO  testcases.TC_MyAccountAddress_06 - Clicked on my account menu
18:07:23.286 [main] INFO  testcases.TC_MyAccountAddress_06 - Entering registered username and password ..
18:07:25.601 [main] INFO  testcases.TC_MyAccountAddress_06 - clicked on login button..
18:07:25.601 [main] INFO  testcases.TC_MyAccountAddress_06 - Checking if login is successful..
18:07:25.657 [main] INFO  testcases.TC_MyAccountAddress_06 - Login is successful
18:07:25.661 [main] INFO  testcases.TC_MyAccountAddress_06 - Clicking on my account link..
18:07:26.978 [main] INFO  testcases.TC_MyAccountAddress_06 - Clicking on address link..
18:07:30.246 [main] INFO  testcases.TC_MyAccountAddress_06 - Clicking on edit on shipping address...
18:07:31.963 [main] INFO  testcases.TC_MyAccountAddress_06 - Editing shipping address...
18:07:34.210 [main] INFO  testcases.TC_MyAccountAddress_06 - Validating that shipping address is changed...
18:07:44.274 [main] ERROR testcases.TC_MyAccountAddress_06 - test failure..
18:07:44.274 [main] DEBUG testcases.TC_MyAccountAddress_06 - Application debug logs ends...
18:07:44.274 [main] INFO  testcases.TC_MyAccountAddress_06 - **** Finished TC_MyAccountAddress_06  ****
18:09:36.438 [main] INFO  testcases.TC_MyAccountAddress_06 - **** Starting TC_MyAccountAddress_06  *****
18:09:36.445 [main] DEBUG testcases.TC_MyAccountAddress_06 - capturing application debug logs....
18:09:38.987 [main] INFO  testcases.TC_MyAccountAddress_06 - Clicked on my account menu
18:09:38.988 [main] INFO  testcases.TC_MyAccountAddress_06 - Entering registered username and password ..
18:09:41.919 [main] INFO  testcases.TC_MyAccountAddress_06 - clicked on login button..
18:09:41.920 [main] INFO  testcases.TC_MyAccountAddress_06 - Checking if login is successful..
18:09:41.985 [main] INFO  testcases.TC_MyAccountAddress_06 - Login is successful
18:09:41.988 [main] INFO  testcases.TC_MyAccountAddress_06 - Clicking on my account link..
18:09:43.469 [main] INFO  testcases.TC_MyAccountAddress_06 - Clicking on address link..
18:09:45.027 [main] INFO  testcases.TC_MyAccountAddress_06 - Clicking on edit on shipping address...
18:09:46.643 [main] INFO  testcases.TC_MyAccountAddress_06 - Editing shipping address...
18:09:49.304 [main] INFO  testcases.TC_MyAccountAddress_06 - Validating that shipping address is changed...
18:09:49.513 [main] INFO  testcases.TC_MyAccountAddress_06 - Test passed...
18:09:49.514 [main] DEBUG testcases.TC_MyAccountAddress_06 - Application debug logs ends...
18:09:49.514 [main] INFO  testcases.TC_MyAccountAddress_06 - **** Finished TC_MyAccountAddress_06  ****
18:15:00.425 [main] INFO  testcases.TC_MyAccountAddress_06 - **** Starting TC_MyAccountAddress_06  *****
18:15:00.437 [main] DEBUG testcases.TC_MyAccountAddress_06 - capturing application debug logs....
18:15:02.349 [main] INFO  testcases.TC_MyAccountAddress_06 - Clicked on my account menu
18:15:02.349 [main] INFO  testcases.TC_MyAccountAddress_06 - Entering registered username and password ..
18:15:04.520 [main] INFO  testcases.TC_MyAccountAddress_06 - clicked on login button..
18:15:04.521 [main] INFO  testcases.TC_MyAccountAddress_06 - Checking if login is successful..
18:15:04.604 [main] INFO  testcases.TC_MyAccountAddress_06 - Login is successful
18:15:04.608 [main] INFO  testcases.TC_MyAccountAddress_06 - Clicking on my account link..
18:15:06.784 [main] INFO  testcases.TC_MyAccountAddress_06 - Clicking on address link..
18:15:08.385 [main] INFO  testcases.TC_MyAccountAddress_06 - Clicking on edit on shipping address...
